Start testing: May 06 21:36 PDT
----------------------------------------------------------
1/65 Testing: convey_test
1/65 Test: convey_test
Command: "/Users/atman/code/pylon/nng/tests/convey_test" "-v" "-d" "-p" "ENV_TEST=ON" "-p" "ANOTHERNAME" "-p" "AGAIN=yes" "extra"
Directory: /Users/atman/code/pylon/nng/tests
"convey_test" start time: May 06 21:36 PDT
Output:
----------------------------------------------------------
=== RUN: Ordering

  A runs first 
  B runs after A [32m✔[0m[32m✔[0m
    C runs inside B [32m✔[0m[32m✔[0m[32m✔[0m
  D runs afer A, B, C. [32m✔[0m
  E is last [32m✔[0m[32m✔[0m


[0mLog:[0m

  [0mTest Started: Ordering[0m
  [0m* Ordering (tests/convey_test.c:54) (Debug): Bufidx is now 1[0m
  [0m* B runs after A (tests/convey_test.c:59) (Passed): strlen(buffer) > 0[0m
  [0m* B runs after A (tests/convey_test.c:60) (Passed): buffer[bufidx - 1] == '1'[0m
  [0m* C runs inside B (tests/convey_test.c:64) (Passed): buffer[bufidx - 1] == 'B'[0m
  [0m* Ordering (tests/convey_test.c:54) (Debug): Bufidx is now 1[0m
  [0m* B runs after A (tests/convey_test.c:59) (Passed): strlen(buffer) > 0[0m
  [0m* B runs after A (tests/convey_test.c:60) (Passed): buffer[bufidx - 1] == '1'[0m
  [0m* Ordering (tests/convey_test.c:54) (Debug): Bufidx is now 1[0m
  [0m* D runs afer A, B, C. (tests/convey_test.c:70) (Passed): buffer[bufidx - 1] == '1'[0m
  [0m* Ordering (tests/convey_test.c:54) (Debug): Bufidx is now 1[0m
  [0m* E is last (tests/convey_test.c:77) (Passed): buffer[bufidx - 1] == '2'[0m
  [0m* Ordering (tests/convey_test.c:54) (Debug): Bufidx is now 1[0m
  [0m* Ordering (tests/convey_test.c:81) (Passed): strcmp(buffer, "A1BC1B1D12E12") == 0[0m
  [0mTest PASS: Ordering (0.00s)[0m


[32m8 assertions thus far[0m

--- PASS: Ordering (0.00s)
=== RUN: Skipping works

  ConveySkip works. [33m⚠[0m[32m✔[0m
  Assertion skipping works. [33m✔[0m[32m✔[0m[32m✔[0m


[0mLog:[0m

  [0mTest Started: Skipping works[0m
  [0m* ConveySkip works. (tests/convey_test.c:86) (Skip): Skipped[0m
  [0m* Skipping works (tests/convey_test.c:87) (Passed): skipped == 0[0m
  [0m* Assertion skipping works. (tests/convey_test.c:88) (Skip): skipped == 1[0m
  [0m* Skipping works (tests/convey_test.c:87) (Passed): skipped == 0[0m
  [0m* Skipping works (tests/convey_test.c:89) (Passed): skipped == 0[0m
  [0mTest PASS: Skipping works (0.00s)[0m


[32m11 assertions thus far[0m [33m(one or more sections skipped)[0m

--- PASS: Skipping works (0.00s)
=== RUN: Reset

  Initialize X to a non-zero value [32m✔[0m[32m✔[0m
  Verify that reset did not get called [32m✔[0m[32m✔[0m
  But now it did [32m✔[0m


[0mLog:[0m

  [0mTest Started: Reset[0m
  [0m* Initialize X to a non-zero value (tests/convey_test.c:96) (Passed): x == 0[0m
  [0m* Initialize X to a non-zero value (tests/convey_test.c:98) (Passed): x == 1[0m
  [0m* Verify that reset did not get called (tests/convey_test.c:104) (Passed): x == 1[0m
  [0m* Verify that reset did not get called (tests/convey_test.c:106) (Passed): x == 5[0m
  [0m* But now it did (tests/convey_test.c:109) (Passed): x == 20[0m
  [0mTest PASS: Reset (0.00s)[0m


[32m16 assertions thus far[0m [33m(one or more sections skipped)[0m

--- PASS: Reset (0.00s)
=== RUN: Failures work

  Assertion failure works 
    Injected failure [33m✘[0m
  ConveyFail works 
  ConveyError works 


[31mErrors:[0m

  [31m* Failures work[0m
  [31mFile: tests/convey_test.c[0m
  [31mLine: 120[0m
  [31mReason: forced error[0m


[33mFailures:[0m

  [33m* Assertion Failed (Injected failure)[0m
  [33mFile: tests/convey_test.c[0m
  [33mLine: 116[0m
  [33mTest: 1 == 0[0m
  [33m[0m
  [33m* Failures work[0m
  [33mFile: tests/convey_test.c[0m
  [33mLine: 118[0m
  [33mReason: forced failure[0m


[0mLog:[0m

  [0mTest Started: Failures work[0m
  [0m* Injected failure (tests/convey_test.c:116) (FAILED): 1 == 0[0m
  [0m* ConveyFail works (tests/convey_test.c:118) (Failed): forced failure[0m
  [0m* ConveyError works (tests/convey_test.c:120) (Error): forced error[0m
  [0mTest FAIL: Failures work (0.00s)[0m


[31m17 assertions thus far[0m [33m(one or more sections skipped)[0m

--- FAIL: Failures work (0.00s)
=== RUN: Environment works

  PATH environment [32m✔[0m[32m✔[0m
  Command line args work [33m✔[0m[33m✔[0m[33m✔[0m[33m✔[0m


[0mLog:[0m

  [0mTest Started: Environment works[0m
  [0m* PATH environment (tests/convey_test.c:128) (Passed): conveyGetEnv("PATH") != ((void*)0)[0m
  [0m* PATH environment (tests/convey_test.c:129) (Passed): strlen(conveyGetEnv("PATH")) != 0[0m
  [0m* Command line args work (tests/convey_test.c:135) (Skip): v1 != ((void*)0)[0m
  [0m* Command line args work (tests/convey_test.c:136) (Skip): v2 != ((void*)0)[0m
  [0m* Command line args work (tests/convey_test.c:137) (Skip): strcmp(v1, "") == 0[0m
  [0m* Command line args work (tests/convey_test.c:138) (Skip): strcmp(v2, "YES") == 0[0m
  [0mTest PASS: Environment works (0.00s)[0m


[31m19 assertions thus far[0m [33m(one or more sections skipped)[0m

--- PASS: Environment works (0.00s)
PASS
ok      /Users/atman/code/pylon/nng/tests/convey_test          0.000s
<end of output>
Test time =   0.01 sec
----------------------------------------------------------
Test Passed.
"convey_test" end time: May 06 21:36 PDT
"convey_test" time elapsed: 00:00:00
----------------------------------------------------------

2/65 Testing: aio
2/65 Test: aio
Command: "/Users/atman/code/pylon/nng/tests/aio" "-v" "-p" "TEST_PORT=12100"
Directory: /Users/atman/code/pylon/nng/tests
"aio" start time: May 06 21:36 PDT
Output:
----------------------------------------------------------
=== RUN: AIO operations

  Sleep works [32m✔[0m[32m✔[0m[32m✔[0m[32m✔[0m[32m✔[0m[32m✔[0m[32m✔[0m
  Sleep timeout works [32m✔[0m[32m✔[0m[32m✔[0m[32m✔[0m[32m✔[0m[32m✔[0m[32m✔[0m
  Given a connected pair of sockets [32m✔[0m[32m✔[0m[32m✔[0m[32m✔[0m[32m✔[0m[32m✔[0m[32m✔[0m[32m✔[0m[32m✔[0m[32m✔[0m[32m✔[0m[32m✔[0m[32m✔[0m[32m✔[0m
  Failure modes work [32m✔[0m[32m✔[0m
    Explicit timeout works [32m✔[0m[32m✔[0m[32m✔[0m[32m✔[0m
    Default timeout works [32m✔[0m[32m✔[0m[32m✔[0m[32m✔[0m[32m✔[0m
    Zero timeout works [32m✔[0m[32m✔[0m[32m✔[0m[32m✔[0m
    Cancellation works [32m✔[0m[32m✔[0m[32m✔[0m[32m✔[0m
  We cannot set insane IOVs [32m✔[0m[32m✔[0m


[32m49 assertions thus far[0m

--- PASS: AIO operations (0.39s)
PASS
ok      /Users/atman/code/pylon/nng/tests/aio                  0.398s
<end of output>
Test time =   0.40 sec
----------------------------------------------------------
Test Passed.
"aio" end time: May 06 21:36 PDT
"aio" time elapsed: 00:00:00
----------------------------------------------------------

3/65 Testing: bufsz
3/65 Test: bufsz
Command: "/Users/atman/code/pylon/nng/tests/bufsz" "-v" "-p" "TEST_PORT=12120"
Directory: /Users/atman/code/pylon/nng/tests
"bufsz" start time: May 06 21:36 PDT
Output:
----------------------------------------------------------
=== RUN: Buffer Options

  We are able to open a PAIR socket [32m✔[0m
    Set/Get Recv Buf Option [32m✔[0m[32m✔[0m[32m✔[0m[32m✔[0m[32m✔[0m
    Set/Get Send Buf Option [32m✔[0m[32m✔[0m[32m✔[0m[32m✔[0m[32m✔[0m
    Legacy Recv Buf Option [32m✔[0m[32m✔[0m[32m✔[0m[32m✔[0m[32m✔[0m[32m✔[0m[32m✔[0m[32m✔[0m[32m✔[0m[32m✔[0m[32m✔[0m
    Legacy Send Buf Option [32m✔[0m[32m✔[0m[32m✔[0m[32m✔[0m[32m✔[0m[32m✔[0m[32m✔[0m[32m✔[0m[32m✔[0m[32m✔[0m[32m✔[0m


[32m33 assertions thus far[0m

--- PASS: Buffer Options (0.00s)
PASS
ok      /Users/atman/code/pylon/nng/tests/bufsz                0.001s
<end of output>
Test time =   0.01 sec
----------------------------------------------------------
Test Passed.
"bufsz" end time: May 06 21:36 PDT
"bufsz" time elapsed: 00:00:00
----------------------------------------------------------

4/65 Testing: base64
4/65 Test: base64
Command: "/Users/atman/code/pylon/nng/tests/base64" "-v" "-p" "TEST_PORT=12140"
Directory: /Users/atman/code/pylon/nng/tests
"base64" start time: May 06 21:36 PDT
Output:
----------------------------------------------------------
=== RUN: Base64 Verification

  Encode Works [32m✔[0m[32m✔[0m[32m✔[0m[32m✔[0m[32m✔[0m[32m✔[0m[32m✔[0m[32m✔[0m[32m✔[0m[32m✔[0m[32m✔[0m[32m✔[0m[32m✔[0m[32m✔[0m[32m✔[0m[32m✔[0m[32m✔[0m[32m✔[0m[32m✔[0m[32m✔[0m[32m✔[0m
  Decode Works [32m✔[0m[32m✔[0m[32m✔[0m[32m✔[0m[32m✔[0m[32m✔[0m[32m✔[0m[32m✔[0m[32m✔[0m[32m✔[0m[32m✔[0m[32m✔[0m[32m✔[0m[32m✔[0m[32m✔[0m[32m✔[0m[32m✔[0m[32m✔[0m[32m✔[0m[32m✔[0m[32m✔[0m
  Overflow Works [32m✔[0m[32m✔[0m[32m✔[0m[32m✔[0m[32m✔[0m[32m✔[0m[32m✔[0m[32m✔[0m[32m✔[0m[32m✔[0m[32m✔[0m[32m✔[0m[32m✔[0m[32m✔[0m[32m✔[0m[32m✔[0m[32m✔[0m[32m✔[0m[32m✔[0m[32m✔[0m[32m✔[0m[32m✔[0m[32m✔[0m[32m✔[0m


[32m66 assertions thus far[0m

--- PASS: Base64 Verification (0.00s)
PASS
ok      /Users/atman/code/pylon/nng/tests/base64               0.000s
<end of output>
Test time =   0.01 sec
----------------------------------------------------------
Test Passed.
"base64" end time: May 06 21:36 PDT
"base64" time elapsed: 00:00:00
----------------------------------------------------------

5/65 Testing: device
5/65 Test: device
Command: "/Users/atman/code/pylon/nng/tests/device" "-v" "-p" "TEST_PORT=12160"
Directory: /Users/atman/code/pylon/nng/tests
"device" start time: May 06 21:36 PDT
Output:
----------------------------------------------------------
=== RUN: PAIRv1 device

  We cannot create cooked mode device [32m✔[0m[32m✔[0m
  We can create a PAIRv1 device [32m✔[0m[32m✔[0m[32m✔[0m[32m✔[0m[32m✔[0m[32m✔[0m[32m✔[0m[32m✔[0m[32m✔[0m[32m✔[0m[32m✔[0m
    Device can send and receive [32m✔[0m[32m✔[0m[32m✔[0m[32m✔[0m[32m✔[0m[32m✔[0m[32m✔[0m[32m✔[0m[32m✔[0m[32m✔[0m[32m✔[0m[32m✔[0m[32m✔[0m[32m✔[0m[32m✔[0m[32m✔[0m[32m✔[0m[32m✔[0m[32m✔[0m[32m✔[0m[32m✔[0m


[32m34 assertions thus far[0m

--- PASS: PAIRv1 device (0.21s)
PASS
ok      /Users/atman/code/pylon/nng/tests/device               0.212s
<end of output>
Test time =   0.22 sec
----------------------------------------------------------
Test Passed.
"device" end time: May 06 21:36 PDT
"device" time elapsed: 00:00:00
----------------------------------------------------------

6/65 Testing: errors
6/65 Test: errors
Command: "/Users/atman/code/pylon/nng/tests/errors" "-v" "-p" "TEST_PORT=12180"
Directory: /Users/atman/code/pylon/nng/tests
"errors" start time: May 06 21:36 PDT
Output:
----------------------------------------------------------
=== RUN: Error messages work

  Known errors work [32m✔[0m[32m✔[0m
  We always get a valid error [32m✔[0m[32m✔[0m[32m✔[0m[32m✔[0m[32m✔[0m[32m✔[0m[32m✔[0m[32m✔[0m[32m✔[0m[32m✔[0m[32m✔[0m[32m✔[0m[32m✔[0m[32m✔[0m[32m✔[0m[32m✔[0m[32m✔[0m[32m✔[0m
  System errors work [32m✔[0m[32m✔[0m


[32m22 assertions thus far[0m

--- PASS: Error messages work (0.00s)
PASS
ok      /Users/atman/code/pylon/nng/tests/errors               0.000s
<end of output>
Test time =   0.01 sec
----------------------------------------------------------
Test Passed.
"errors" end time: May 06 21:36 PDT
"errors" time elapsed: 00:00:00
----------------------------------------------------------

7/65 Testing: files
7/65 Test: files
Command: "/Users/atman/code/pylon/nng/tests/files" "-v" "-p" "TEST_PORT=12200"
Directory: /Users/atman/code/pylon/nng/tests
"files" start time: May 06 21:36 PDT
Output:
----------------------------------------------------------
=== RUN: Platform File Support

  Directory names work [32m✔[0m[32m✔[0m[32m✔[0m[32m✔[0m[32m✔[0m[32m✔[0m[32m✔[0m
  Can create file in non-existent directory [32m✔[0m[32m✔[0m[32m✔[0m[32m✔[0m[32m✔[0m[32m✔[0m
  Cannot read missing file [32m✔[0m[32m✔[0m
  Delete of missing file passes [32m✔[0m
  Walk of missing directory fails [32m✔[0m
  Remove missing directory works [32m✔[0m
  We can create a pair of files [32m✔[0m[32m✔[0m[32m✔[0m[32m✔[0m[32m✔[0m[32m✔[0m[32m✔[0m[32m✔[0m[32m✔[0m
    Directory walk works [32m✔[0m[32m✔[0m[32m✔[0m[32m✔[0m[32m✔[0m[32m✔[0m[32m✔[0m[32m✔[0m[32m✔[0m[32m✔[0m[32m✔[0m[32m✔[0m[32m✔[0m[32m✔[0m[32m✔[0m[32m✔[0m[32m✔[0m[32m✔[0m[32m✔[0m[32m✔[0m[32m✔[0m[32m✔[0m[32m✔[0m[32m✔[0m[32m✔[0m[32m✔[0m[32m✔[0m[32m✔[0m[32m✔[0m[32m✔[0m[32m✔[0m[32m✔[0m[32m✔[0m
    Contents work [32m✔[0m[32m✔[0m[32m✔[0m[32m✔[0m[32m✔[0m[32m✔[0m[32m✔[0m[32m✔[0m[32m✔[0m[32m✔[0m[32m✔[0m[32m✔[0m
  Zero length files work [32m✔[0m[32m✔[0m[32m✔[0m[32m✔[0m[32m✔[0m
  Permissions work [32m✔[0m[32m✔[0m[32m✔[0m[32m✔[0m[32m✔[0m


[32m82 assertions thus far[0m

--- PASS: Platform File Support (0.00s)
PASS
ok      /Users/atman/code/pylon/nng/tests/files                0.006s
<end of output>
Test time =   0.01 sec
----------------------------------------------------------
Test Passed.
"files" end time: May 06 21:36 PDT
"files" time elapsed: 00:00:00
----------------------------------------------------------

8/65 Testing: httpclient
8/65 Test: httpclient
Command: "/Users/atman/code/pylon/nng/tests/httpclient" "-v" "-p" "TEST_PORT=12220"
Directory: /Users/atman/code/pylon/nng/tests
"httpclient" start time: May 06 21:36 PDT
Output:
----------------------------------------------------------
=== RUN: HTTP Client

  Given a TCP connection to httpbin.org [32m✔[0m[32m✔[0m[32m✔[0m[32m✔[0m
    We can initiate a message [32m✔[0m[32m✔[0m[32m✔[0m[32m✔[0m[32m✔[0m[32m✔[0m
      The message contents are correct [32m✔[0m[32m✔[0m[32m✔[0m[32m✔[0m[32m✔[0m[32m✔[0m[32m✔[0m[32m✔[0m[32m✔[0m[32m✔[0m[32m✔[0m[32m✔[0m[32m✔[0m[32m✔[0m[32m✔[0m[32m✔[0m[32m✔[0m[32m✔[0m[32m✔[0m[32m✔[0m[32m✔[0m


[32m31 assertions thus far[0m

--- PASS: HTTP Client (0.12s)
PASS
ok      /Users/atman/code/pylon/nng/tests/httpclient           0.123s
<end of output>
Test time =   0.13 sec
----------------------------------------------------------
Test Passed.
"httpclient" end time: May 06 21:36 PDT
"httpclient" time elapsed: 00:00:00
----------------------------------------------------------

9/65 Testing: httpserver
9/65 Test: httpserver
Command: "/Users/atman/code/pylon/nng/tests/httpserver" "-v" "-p" "TEST_PORT=12240"
Directory: /Users/atman/code/pylon/nng/tests
"httpserver" start time: May 06 21:36 PDT
Output:
----------------------------------------------------------
=== RUN: HTTP Server

  We can start an HTTP server [32m✔[0m[32m✔[0m[32m✔[0m[32m✔[0m[32m✔[0m[32m✔[0m
    We can connect a client to it [32m✔[0m[32m✔[0m[32m✔[0m[32m✔[0m[32m✔[0m
      404 works [32m✔[0m[32m✔[0m[32m✔[0m[32m✔[0m[32m✔[0m[32m✔[0m[32m✔[0m[32m✔[0m[32m✔[0m[32m✔[0m[32m✔[0m[32m✔[0m[32m✔[0m[32m✔[0m[32m✔[0m
      Valid data works [32m✔[0m[32m✔[0m[32m✔[0m[32m✔[0m[32m✔[0m[32m✔[0m[32m✔[0m[32m✔[0m[32m✔[0m[32m✔[0m[32m✔[0m[32m✔[0m[32m✔[0m[32m✔[0m[32m✔[0m[32m✔[0m[32m✔[0m[32m✔[0m[32m✔[0m[32m✔[0m[32m✔[0m[32m✔[0m[32m✔[0m[32m✔[0m[32m✔[0m[32m✔[0m[32m✔[0m
  Directory serving works [32m✔[0m[32m✔[0m[32m✔[0m[32m✔[0m[32m✔[0m[32m✔[0m[32m✔[0m[32m✔[0m[32m✔[0m[32m✔[0m[32m✔[0m[32m✔[0m[32m✔[0m[32m✔[0m[32m✔[0m
    Index.html works [32m✔[0m[32m✔[0m[32m✔[0m[32m✔[0m[32m✔[0m[32m✔[0m[32m✔[0m[32m✔[0m[32m✔[0m[32m✔[0m[32m✔[0m[32m✔[0m[32m✔[0m[32m✔[0m[32m✔[0m[32m✔[0m[32m✔[0m[32m✔[0m[32m✔[0m[32m✔[0m
    Index.htm works [32m✔[0m[32m✔[0m[32m✔[0m[32m✔[0m[32m✔[0m[32m✔[0m[32m✔[0m[32m✔[0m[32m✔[0m[32m✔[0m[32m✔[0m[32m✔[0m[32m✔[0m[32m✔[0m[32m✔[0m[32m✔[0m[32m✔[0m[32m✔[0m[32m✔[0m[32m✔[0m
    Named file works [32m✔[0m[32m✔[0m[32m✔[0m[32m✔[0m[32m✔[0m[32m✔[0m[32m✔[0m[32m✔[0m[32m✔[0m[32m✔[0m[32m✔[0m[32m✔[0m[32m✔[0m[32m✔[0m[32m✔[0m[32m✔[0m[32m✔[0m[32m✔[0m[32m✔[0m[32m✔[0m
    Missing index gives 404 [32m✔[0m[32m✔[0m[32m✔[0m[32m✔[0m[32m✔[0m[32m✔[0m[32m✔[0m[32m✔[0m[32m✔[0m[32m✔[0m[32m✔[0m[32m✔[0m[32m✔[0m[32m✔[0m[32m✔[0m[32m✔[0m[32m✔[0m[32m✔[0m
    Bad method gives 405 [32m✔[0m[32m✔[0m[32m✔[0m[32m✔[0m[32m✔[0m[32m✔[0m[32m✔[0m[32m✔[0m[32m✔[0m[32m✔[0m[32m✔[0m[32m✔[0m[32m✔[0m[32m✔[0m[32m✔[0m[32m✔[0m[32m✔[0m[32m✔[0m[32m✔[0m[32m✔[0m[32m✔[0m[32m✔[0m
    Version 0.9 gives 505 [32m✔[0m[32m✔[0m[32m✔[0m[32m✔[0m[32m✔[0m[32m✔[0m[32m✔[0m[32m✔[0m[32m✔[0m[32m✔[0m[32m✔[0m[32m✔[0m[32m✔[0m[32m✔[0m[32m✔[0m[32m✔[0m[32m✔[0m[32m✔[0m[32m✔[0m[32m✔[0m[32m✔[0m[32m✔[0m
    Missing Host gives 400 [32m✔[0m[32m✔[0m[32m✔[0m[32m✔[0m[32m✔[0m[32m✔[0m[32m✔[0m[32m✔[0m[32m✔[0m[32m✔[0m[32m✔[0m[32m✔[0m[32m✔[0m[32m✔[0m[32m✔[0m[32m✔[0m[32m✔[0m[32m✔[0m[32m✔[0m[32m✔[0m[32m✔[0m[32m✔[0m


[32m212 assertions thus far[0m

--- PASS: HTTP Server (0.84s)
PASS
ok      /Users/atman/code/pylon/nng/tests/httpserver           0.847s
<end of output>
Test time =   0.85 sec
----------------------------------------------------------
Test Passed.
"httpserver" end time: May 06 21:36 PDT
"httpserver" time elapsed: 00:00:00
----------------------------------------------------------

10/65 Testing: idhash
10/65 Test: idhash
Command: "/Users/atman/code/pylon/nng/tests/idhash" "-v" "-p" "TEST_PORT=12260"
Directory: /Users/atman/code/pylon/nng/tests
"idhash" start time: May 06 21:36 PDT
Output:
----------------------------------------------------------
=== RUN: General ID Hash

  Given an id hash [32m✔[0m[32m✔[0m
    We can insert an element [32m✔[0m
      And we can find it [32m✔[0m[32m✔[0m[32m✔[0m[32m✔[0m[32m✔[0m
      We can delete it [32m✔[0m[32m✔[0m[32m✔[0m[32m✔[0m[32m✔[0m
      We can change the value [32m✔[0m[32m✔[0m[32m✔[0m[32m✔[0m[32m✔[0m[32m✔[0m
      We can insert a hash collision [32m✔[0m[32m✔[0m[32m✔[0m[32m✔[0m[32m✔[0m
        And delete intermediate [32m✔[0m[32m✔[0m[32m✔[0m[32m✔[0m[32m✔[0m[32m✔[0m[32m✔[0m[32m✔[0m[32m✔[0m[32m✔[0m[32m✔[0m[32m✔[0m[32m✔[0m[32m✔[0m[32m✔[0m[32m✔[0m
    We cannot find bogus values [32m✔[0m[32m✔[0m[32m✔[0m[32m✔[0m
    64-bit hash values work [32m✔[0m[32m✔[0m[32m✔[0m[32m✔[0m[32m✔[0m
    64-bit dynvals work [32m✔[0m[32m✔[0m[32m✔[0m[32m✔[0m[32m✔[0m[32m✔[0m


[32m55 assertions thus far[0m

--- PASS: General ID Hash (0.00s)
=== RUN: Resize ID Hash

  Given an id hash [32m✔[0m
    We can insert 1024 items 
      We can remove them [32m✔[0m[32m✔[0m


[32m58 assertions thus far[0m

--- PASS: Resize ID Hash (0.03s)
=== RUN: Dynamic ID generation

  Given a small ID hash [32m✔[0m[32m✔[0m
    We can fill the table [32m✔[0m[32m✔[0m[32m✔[0m[32m✔[0m[32m✔[0m[32m✔[0m[32m✔[0m[32m✔[0m
      Adding another fails [32m✔[0m[32m✔[0m[32m✔[0m[32m✔[0m[32m✔[0m[32m✔[0m[32m✔[0m[32m✔[0m[32m✔[0m[32m✔[0m[32m✔[0m
      Deleting one lets us reinsert [32m✔[0m[32m✔[0m[32m✔[0m[32m✔[0m[32m✔[0m[32m✔[0m[32m✔[0m[32m✔[0m[32m✔[0m[32m✔[0m[32m✔[0m[32m✔[0m[32m✔[0m[32m✔[0m
    We can insert outside range forcibly [32m✔[0m[32m✔[0m[32m✔[0m[32m✔[0m[32m✔[0m[32m✔[0m[32m✔[0m


[32m100 assertions thus far[0m

--- PASS: Dynamic ID generation (0.00s)
PASS
ok      /Users/atman/code/pylon/nng/tests/idhash               0.036s
<end of output>
Test time =   0.05 sec
----------------------------------------------------------
Test Passed.
"idhash" end time: May 06 21:36 PDT
"idhash" time elapsed: 00:00:00
----------------------------------------------------------

11/65 Testing: inproc
11/65 Test: inproc
Command: "/Users/atman/code/pylon/nng/tests/inproc" "-v" "-p" "TEST_PORT=12280"
Directory: /Users/atman/code/pylon/nng/tests
"inproc" start time: May 06 21:36 PDT
Output:
----------------------------------------------------------
=== RUN: Inproc Transport

  Given transport [32m✔[0m[32m✔[0m[32m✔[0m[32m✔[0m
    Scheme is correct [32m✔[0m[32m✔[0m[32m✔[0m[32m✔[0m[32m✔[0m[32m✔[0m
    Connection refused works [32m✔[0m[32m✔[0m[32m✔[0m[32m✔[0m[32m✔[0m[32m✔[0m[32m✔[0m[32m✔[0m
    Duplicate listen rejected [32m✔[0m[32m✔[0m[32m✔[0m[32m✔[0m[32m✔[0m[32m✔[0m[32m✔[0m[32m✔[0m[32m✔[0m
    Listen and accept [32m✔[0m[32m✔[0m[32m✔[0m[32m✔[0m[32m✔[0m[32m✔[0m[32m✔[0m[32m✔[0m[32m✔[0m
    Send and recv [32m✔[0m[32m✔[0m[32m✔[0m[32m✔[0m[32m✔[0m[32m✔[0m[32m✔[0m[32m✔[0m[32m✔[0m[32m✔[0m[32m✔[0m[32m✔[0m[32m✔[0m[32m✔[0m[32m✔[0m[32m✔[0m[32m✔[0m[32m✔[0m[32m✔[0m[32m✔[0m[32m✔[0m[32m✔[0m[32m✔[0m[32m✔[0m[32m✔[0m[32m✔[0m
    Send and recv large data [32m✔[0m[32m✔[0m[32m✔[0m[32m✔[0m[32m✔[0m[32m✔[0m[32m✔[0m[32m✔[0m[32m✔[0m[32m✔[0m[32m✔[0m[32m✔[0m[32m✔[0m[32m✔[0m[32m✔[0m[32m✔[0m[32m✔[0m[32m✔[0m[32m✔[0m[32m✔[0m[32m✔[0m[32m✔[0m[32m✔[0m
    Send and recv multi [32m✔[0m[32m✔[0m[32m✔[0m[32m✔[0m[32m✔[0m[32m✔[0m[32m✔[0m[32m✔[0m[32m✔[0m[32m✔[0m[32m✔[0m[32m✔[0m[32m✔[0m[32m✔[0m[32m✔[0m[32m✔[0m[32m✔[0m[32m✔[0m[32m✔[0m[32m✔[0m[32m✔[0m[32m✔[0m[32m✔[0m[32m✔[0m[32m✔[0m[32m✔[0m[32m✔[0m[32m✔[0m[32m✔[0m[32m✔[0m[32m✔[0m[32m✔[0m[32m✔[0m[32m✔[0m[32m✔[0m[32m✔[0m[32m✔[0m[32m✔[0m[32m✔[0m[32m✔[0m[32m✔[0m[32m✔[0m[32m✔[0m[32m✔[0m[32m✔[0m[32m✔[0m[32m✔[0m[32m✔[0m[32m✔[0m[32m✔[0m[32m✔[0m[32m✔[0m[32m✔[0m[32m✔[0m[32m✔[0m[32m✔[0m[32m✔[0m[32m✔[0m[32m✔[0m[32m✔[0m[32m✔[0m[32m✔[0m[32m✔[0m[32m✔[0m[32m✔[0m[32m✔[0m[32m✔[0m[32m✔[0m[32m✔[0m[32m✔[0m[32m✔[0m[32m✔[0m[32m✔[0m[32m✔[0m[32m✔[0m[32m✔[0m[32m✔[0m[32m✔[0m[32m✔[0m[32m✔[0m[32m✔[0m[32m✔[0m[32m✔[0m[32m✔[0m[32m✔[0m[32m✔[0m[32m✔[0m[32m✔[0m[32m✔[0m[32m✔[0m[32m✔[0m[32m✔[0m[32m✔[0m[32m✔[0m[32m✔[0m[32m✔[0m[32m✔[0m[32m✔[0m[32m✔[0m[32m✔[0m[32m✔[0m[32m✔[0m[32m✔[0m[32m✔[0m[32m✔[0m[32m✔[0m[32m✔[0m[32m✔[0m[32m✔[0m[32m✔[0m[32m✔[0m[32m✔[0m[32m✔[0m[32m✔[0m[32m✔[0m[32m✔[0m[32m✔[0m[32m✔[0m[32m✔[0m[32m✔[0m[32m✔[0m[32m✔[0m[32m✔[0m[32m✔[0m[32m✔[0m[32m✔[0m[32m✔[0m[32m✔[0m[32m✔[0m[32m✔[0m[32m✔[0m[32m✔[0m[32m✔[0m[32m✔[0m[32m✔[0m[32m✔[0m[32m✔[0m[32m✔[0m[32m✔[0m[32m✔[0m[32m✔[0m[32m✔[0m[32m✔[0m[32m✔[0m[32m✔[0m[32m✔[0m[32m✔[0m[32m✔[0m[32m✔[0m[32m✔[0m[32m✔[0m[32m✔[0m[32m✔[0m[32m✔[0m[32m✔[0m[32m✔[0m[32m✔[0m[32m✔[0m[32m✔[0m[32m✔[0m[32m✔[0m[32m✔[0m[32m✔[0m[32m✔[0m[32m✔[0m[32m✔[0m[32m✔[0m[32m✔[0m[32m✔[0m[32m✔[0m[32m✔[0m[32m✔[0m[32m✔[0m[32m✔[0m[32m✔[0m[32m✔[0m[32m✔[0m[32m✔[0m[32m✔[0m[32m✔[0m[32m✔[0m[32m✔[0m[32m✔[0m[32m✔[0m[32m✔[0m[32m✔[0m[32m✔[0m[32m✔[0m


[32m273 assertions thus far[0m

--- PASS: Inproc Transport (0.82s)
PASS
ok      /Users/atman/code/pylon/nng/tests/inproc               0.829s
<end of output>
Test time =   0.84 sec
----------------------------------------------------------
Test Passed.
"inproc" end time: May 06 21:36 PDT
"inproc" time elapsed: 00:00:00
----------------------------------------------------------

12/65 Testing: ipc
12/65 Test: ipc
Command: "/Users/atman/code/pylon/nng/tests/ipc" "-v" "-p" "TEST_PORT=12300"
Directory: /Users/atman/code/pylon/nng/tests
"ipc" start time: May 06 21:36 PDT
Output:
----------------------------------------------------------
=== RUN: IPC Transport

  Given transport [32m✔[0m[32m✔[0m[32m✔[0m[32m✔[0m
    Scheme is correct [32m✔[0m[32m✔[0m[32m✔[0m[32m✔[0m[32m✔[0m[32m✔[0m
    Connection refused works [32m✔[0m[32m✔[0m[32m✔[0m[32m✔[0m[32m✔[0m[32m✔[0m[32m✔[0m[32m✔[0m
    Duplicate listen rejected [32m✔[0m[32m✔[0m[32m✔[0m[32m✔[0m[32m✔[0m[32m✔[0m[32m✔[0m[32m✔[0m[32m✔[0m
    Listen and accept [32m✔[0m[32m✔[0m[32m✔[0m[32m✔[0m[32m✔[0m[32m✔[0m[32m✔[0m[32m✔[0m[32m✔[0m
    Send and recv [32m✔[0m[32m✔[0m[32m✔[0m[32m✔[0m[32m✔[0m[32m✔[0m[32m✔[0m[32m✔[0m[32m✔[0m[32m✔[0m[32m✔[0m[32m✔[0m[32m✔[0m[32m✔[0m[32m✔[0m[32m✔[0m[32m✔[0m[32m✔[0m[32m✔[0m[32m✔[0m[32m✔[0m[32m✔[0m[32m✔[0m[32m✔[0m[32m✔[0m[32m✔[0m
    Send and recv large data [32m✔[0m[32m✔[0m[32m✔[0m[32m✔[0m[32m✔[0m[32m✔[0m[32m✔[0m[32m✔[0m[32m✔[0m[32m✔[0m[32m✔[0m[32m✔[0m[32m✔[0m[32m✔[0m[32m✔[0m[32m✔[0m[32m✔[0m[32m✔[0m[32m✔[0m[32m✔[0m[32m✔[0m[32m✔[0m[32m✔[0m
    Send and recv multi [32m✔[0m[32m✔[0m[32m✔[0m[32m✔[0m[32m✔[0m[32m✔[0m[32m✔[0m[32m✔[0m[32m✔[0m[32m✔[0m[32m✔[0m[32m✔[0m[32m✔[0m[32m✔[0m[32m✔[0m[32m✔[0m[32m✔[0m[32m✔[0m[32m✔[0m[32m✔[0m[32m✔[0m[32m✔[0m[32m✔[0m[32m✔[0m[32m✔[0m[32m✔[0m[32m✔[0m[32m✔[0m[32m✔[0m[32m✔[0m[32m✔[0m[32m✔[0m[32m✔[0m[32m✔[0m[32m✔[0m[32m✔[0m[32m✔[0m[32m✔[0m[32m✔[0m[32m✔[0m[32m✔[0m[32m✔[0m[32m✔[0m[32m✔[0m[32m✔[0m[32m✔[0m[32m✔[0m[32m✔[0m[32m✔[0m[32m✔[0m[32m✔[0m[32m✔[0m[32m✔[0m[32m✔[0m[32m✔[0m[32m✔[0m[32m✔[0m[32m✔[0m[32m✔[0m[32m✔[0m[32m✔[0m[32m✔[0m[32m✔[0m[32m✔[0m[32m✔[0m[32m✔[0m[32m✔[0m[32m✔[0m[32m✔[0m[32m✔[0m[32m✔[0m[32m✔[0m[32m✔[0m[32m✔[0m[32m✔[0m[32m✔[0m[32m✔[0m[32m✔[0m[32m✔[0m[32m✔[0m[32m✔[0m[32m✔[0m[32m✔[0m[32m✔[0m[32m✔[0m[32m✔[0m[32m✔[0m[32m✔[0m[32m✔[0m[32m✔[0m[32m✔[0m[32m✔[0m[32m✔[0m[32m✔[0m[32m✔[0m[32m✔[0m[32m✔[0m[32m✔[0m[32m✔[0m[32m✔[0m[32m✔[0m[32m✔[0m[32m✔[0m[32m✔[0m[32m✔[0m[32m✔[0m[32m✔[0m[32m✔[0m[32m✔[0m[32m✔[0m[32m✔[0m[32m✔[0m[32m✔[0m[32m✔[0m[32m✔[0m[32m✔[0m[32m✔[0m[32m✔[0m[32m✔[0m[32m✔[0m[32m✔[0m[32m✔[0m[32m✔[0m[32m✔[0m[32m✔[0m[32m✔[0m[32m✔[0m[32m✔[0m[32m✔[0m[32m✔[0m[32m✔[0m[32m✔[0m[32m✔[0m[32m✔[0m[32m✔[0m[32m✔[0m[32m✔[0m[32m✔[0m[32m✔[0m[32m✔[0m[32m✔[0m[32m✔[0m[32m✔[0m[32m✔[0m[32m✔[0m[32m✔[0m[32m✔[0m[32m✔[0m[32m✔[0m[32m✔[0m[32m✔[0m[32m✔[0m[32m✔[0m[32m✔[0m[32m✔[0m[32m✔[0m[32m✔[0m[32m✔[0m[32m✔[0m[32m✔[0m[32m✔[0m[32m✔[0m[32m✔[0m[32m✔[0m[32m✔[0m[32m✔[0m[32m✔[0m[32m✔[0m[32m✔[0m[32m✔[0m[32m✔[0m[32m✔[0m[32m✔[0m[32m✔[0m[32m✔[0m[32m✔[0m[32m✔[0m[32m✔[0m[32m✔[0m[32m✔[0m[32m✔[0m[32m✔[0m[32m✔[0m[32m✔[0m[32m✔[0m[32m✔[0m[32m✔[0m[32m✔[0m
    Properties test [32m✔[0m[32m✔[0m[32m✔[0m[32m✔[0m[32m✔[0m[32m✔[0m[32m✔[0m[32m✔[0m[32m✔[0m[32m✔[0m[32m✔[0m[32m✔[0m[32m✔[0m[32m✔[0m[32m✔[0m[32m✔[0m[32m✔[0m[32m✔[0m[32m✔[0m[32m✔[0m[32m✔[0m[32m✔[0m[32m✔[0m[32m✔[0m[32m✔[0m[32m✔[0m[32m✔[0m[32m✔[0m[32m✔[0m[32m✔[0m[32m✔[0m


[32m304 assertions thus far[0m

--- PASS: IPC Transport (1.04s)
PASS
ok      /Users/atman/code/pylon/nng/tests/ipc                  1.048s
<end of output>
Test time =   1.06 sec
----------------------------------------------------------
Test Passed.
"ipc" end time: May 06 21:36 PDT
"ipc" time elapsed: 00:00:01
----------------------------------------------------------

13/65 Testing: ipcperms
13/65 Test: ipcperms
Command: "/Users/atman/code/pylon/nng/tests/ipcperms" "-v" "-p" "TEST_PORT=12320"
Directory: /Users/atman/code/pylon/nng/tests
"ipcperms" start time: May 06 21:36 PDT
Output:
----------------------------------------------------------
=== RUN: IPC Permissions

  Given a socket and an IPC listener [32m✔[0m[32m✔[0m
    We can set perms on POSIX [32m✔[0m[32m✔[0m[32m✔[0m[32m✔[0m
      And permissions are honored [32m✔[0m[32m✔[0m[32m✔[0m[32m✔[0m[32m✔[0m[32m✔[0m[32m✔[0m[32m✔[0m[32m✔[0m[32m✔[0m[32m✔[0m
    We cannot set perms after it is started [32m✔[0m[32m✔[0m[32m✔[0m[32m✔[0m
    We cannot set bogus permissions [32m✔[0m[32m✔[0m[32m✔[0m
  We cannot set perms on an IPC dialer [32m✔[0m[32m✔[0m[32m✔[0m


[32m27 assertions thus far[0m

--- PASS: IPC Permissions (0.00s)
PASS
ok      /Users/atman/code/pylon/nng/tests/ipcperms             0.004s
<end of output>
Test time =   0.01 sec
----------------------------------------------------------
Test Passed.
"ipcperms" end time: May 06 21:36 PDT
"ipcperms" time elapsed: 00:00:00
----------------------------------------------------------

14/65 Testing: ipcwinsec
14/65 Test: ipcwinsec
Command: "/Users/atman/code/pylon/nng/tests/ipcwinsec" "-v" "-p" "TEST_PORT=12340"
Directory: /Users/atman/code/pylon/nng/tests
"ipcwinsec" start time: May 06 21:36 PDT
Output:
----------------------------------------------------------
=== RUN: IPC Security Descriptor

  Given a socket and an IPC listener [32m✔[0m[32m✔[0m
    We cannot set Windows SECURITY_DESCRIPTOR on POSIX [32m✔[0m[32m✔[0m[32m✔[0m


[32m5 assertions thus far[0m

--- PASS: IPC Security Descriptor (0.00s)
PASS
ok      /Users/atman/code/pylon/nng/tests/ipcwinsec            0.002s
<end of output>
Test time =   0.01 sec
----------------------------------------------------------
Test Passed.
"ipcwinsec" end time: May 06 21:36 PDT
"ipcwinsec" time elapsed: 00:00:00
----------------------------------------------------------

15/65 Testing: list
15/65 Test: list
Command: "/Users/atman/code/pylon/nng/tests/list" "-v" "-p" "TEST_PORT=12360"
Directory: /Users/atman/code/pylon/nng/tests
"list" start time: May 06 21:36 PDT
Output:
----------------------------------------------------------
=== RUN: Linked Lists

  Given a couple lists [32m✔[0m[32m✔[0m
    The list starts empty [32m✔[0m[32m✔[0m[32m✔[0m[32m✔[0m
    And we can add an item 
      It is the first item [32m✔[0m[32m✔[0m[32m✔[0m
      It is the last item [32m✔[0m[32m✔[0m[32m✔[0m
      It is the only item [32m✔[0m[32m✔[0m[32m✔[0m[32m✔[0m
      It isn't on the other list [32m✔[0m[32m✔[0m[32m✔[0m[32m✔[0m
      We can remove it [32m✔[0m[32m✔[0m[32m✔[0m[32m✔[0m[32m✔[0m[32m✔[0m
    We can add two items [32m✔[0m[32m✔[0m[32m✔[0m[32m✔[0m[32m✔[0m[32m✔[0m
      Removing the first works [32m✔[0m[32m✔[0m[32m✔[0m[32m✔[0m[32m✔[0m[32m✔[0m[32m✔[0m[32m✔[0m[32m✔[0m[32m✔[0m[32m✔[0m[32m✔[0m
      Removing the second works [32m✔[0m[32m✔[0m[32m✔[0m[32m✔[0m[32m✔[0m[32m✔[0m[32m✔[0m[32m✔[0m[32m✔[0m[32m✔[0m[32m✔[0m[32m✔[0m[32m✔[0m[32m✔[0m


[32m58 assertions thus far[0m

--- PASS: Linked Lists (0.00s)
PASS
ok      /Users/atman/code/pylon/nng/tests/list                 0.000s
<end of output>
Test time =   0.01 sec
----------------------------------------------------------
Test Passed.
"list" end time: May 06 21:36 PDT
"list" time elapsed: 00:00:00
----------------------------------------------------------

16/65 Testing: message
16/65 Test: message
Command: "/Users/atman/code/pylon/nng/tests/message" "-v" "-p" "TEST_PORT=12380"
Directory: /Users/atman/code/pylon/nng/tests
"message" start time: May 06 21:36 PDT
Output:
----------------------------------------------------------
=== RUN: Message Tests

  Given an empty message [32m✔[0m
    Lengths are empty [32m✔[0m[32m✔[0m[32m✔[0m
    We can append to the header [32m✔[0m[32m✔[0m[32m✔[0m[32m✔[0m
    We can append to the body [32m✔[0m[32m✔[0m[32m✔[0m[32m✔[0m
    We can insert to the header [32m✔[0m[32m✔[0m[32m✔[0m[32m✔[0m
      We can delete from the front [32m✔[0m[32m✔[0m[32m✔[0m[32m✔[0m[32m✔[0m[32m✔[0m[32m✔[0m[32m✔[0m
      We can delete from the back [32m✔[0m[32m✔[0m[32m✔[0m[32m✔[0m[32m✔[0m[32m✔[0m[32m✔[0m[32m✔[0m[32m✔[0m
    We can insert to the body [32m✔[0m[32m✔[0m[32m✔[0m[32m✔[0m
      We can delete from the front [32m✔[0m[32m✔[0m[32m✔[0m[32m✔[0m[32m✔[0m[32m✔[0m[32m✔[0m[32m✔[0m
      We can delete from the back [32m✔[0m[32m✔[0m[32m✔[0m[32m✔[0m[32m✔[0m[32m✔[0m[32m✔[0m[32m✔[0m[32m✔[0m
    Clearing the header works [32m✔[0m[32m✔[0m[32m✔[0m[32m✔[0m
    Clearing the body works [32m✔[0m[32m✔[0m[32m✔[0m[32m✔[0m
    We cannot delete more header than exists [32m✔[0m[32m✔[0m[32m✔[0m[32m✔[0m[32m✔[0m[32m✔[0m[32m✔[0m
    We cannot delete more body than exists [32m✔[0m[32m✔[0m[32m✔[0m[32m✔[0m[32m✔[0m[32m✔[0m[32m✔[0m
    Pipe retrievals work [32m✔[0m[32m✔[0m[32m✔[0m[32m✔[0m[32m✔[0m
    Message realloc works [32m✔[0m[32m✔[0m[32m✔[0m[32m✔[0m[32m✔[0m[32m✔[0m[32m✔[0m[32m✔[0m[32m✔[0m[32m✔[0m[32m✔[0m
    Inserting a lot of data works [32m✔[0m[32m✔[0m[32m✔[0m[32m✔[0m[32m✔[0m[32m✔[0m[32m✔[0m[32m✔[0m[32m✔[0m
    Message dup works [32m✔[0m[32m✔[0m[32m✔[0m[32m✔[0m[32m✔[0m[32m✔[0m[32m✔[0m[32m✔[0m[32m✔[0m[32m✔[0m[32m✔[0m[32m✔[0m[32m✔[0m[32m✔[0m[32m✔[0m[32m✔[0m[32m✔[0m[32m✔[0m
    Missing option fails properly [32m✔[0m[32m✔[0m
    Uint32 body operations work [32m✔[0m[32m✔[0m[32m✔[0m[32m✔[0m[32m✔[0m[32m✔[0m[32m✔[0m[32m✔[0m[32m✔[0m[32m✔[0m[32m✔[0m[32m✔[0m[32m✔[0m[32m✔[0m[32m✔[0m[32m✔[0m
      Single byte is inadequate [32m✔[0m[32m✔[0m[32m✔[0m[32m✔[0m[32m✔[0m[32m✔[0m[32m✔[0m[32m✔[0m[32m✔[0m[32m✔[0m[32m✔[0m[32m✔[0m[32m✔[0m[32m✔[0m[32m✔[0m[32m✔[0m[32m✔[0m[32m✔[0m[32m✔[0m[32m✔[0m[32m✔[0m
    Uint32 header operations work [32m✔[0m[32m✔[0m[32m✔[0m[32m✔[0m[32m✔[0m[32m✔[0m[32m✔[0m[32m✔[0m[32m✔[0m[32m✔[0m[32m✔[0m[32m✔[0m[32m✔[0m[32m✔[0m[32m✔[0m[32m✔[0m[32m✔[0m
      Single byte is inadequate [32m✔[0m[32m✔[0m[32m✔[0m[32m✔[0m[32m✔[0m[32m✔[0m[32m✔[0m[32m✔[0m[32m✔[0m[32m✔[0m[32m✔[0m[32m✔[0m[32m✔[0m[32m✔[0m[32m✔[0m[32m✔[0m[32m✔[0m[32m✔[0m[32m✔[0m[32m✔[0m[32m✔[0m[32m✔[0m


[32m197 assertions thus far[0m

--- PASS: Message Tests (0.00s)
PASS
ok      /Users/atman/code/pylon/nng/tests/message              0.001s
<end of output>
Test time =   0.01 sec
----------------------------------------------------------
Test Passed.
"message" end time: May 06 21:36 PDT
"message" time elapsed: 00:00:00
----------------------------------------------------------

17/65 Testing: multistress
17/65 Test: multistress
Command: "/Users/atman/code/pylon/nng/tests/multistress" "-v" "-p" "TEST_PORT=12400"
Directory: /Users/atman/code/pylon/nng/tests
"multistress" start time: May 06 21:36 PDT
Output:
----------------------------------------------------------
DOING pair0 (2, 1) address: inproc://nng_multistress_28200
DOING pair0 (4, 3) address: tcp://127.0.0.1:28201
DOING pair0 (6, 5) address: inproc://nng_multistress_28202
DOING bus0 (8, 7) address: tcp://127.0.0.1:28203
DOING pair0 (10, 9) address: tcp://127.0.0.1:28204
DOING pubsub0 (pub 12 sub 11) address: ipc:///tmp/nng_multistress_28205
DOING pair0 (14, 13) address: ipc:///tmp/nng_multistress_28206
DOING pipeline0 (pull 16 push 15) address: ipc:///tmp/nng_multistress_28207
DOING pubsub0 (pub 18 sub 17) address: tcp://127.0.0.1:28208
DOING pipeline0 (pull 20 push 19) address: ipc:///tmp/nng_multistress_28209
DOING bus0 (22, 21) address: inproc://nng_multistress_28210
DOING bus0 (24, 23) address: inproc://nng_multistress_28211
DOING reqrep0 (req 26 rep 25) address: ipc:///tmp/nng_multistress_28212
WAITING for 30 sec...
=== RUN: MultiProtocol/Transport Stress

  All tests worked RESULT socket 1 (pair0) sent 3625 recd 3625 fail 0
[32m✔[0m[32m✔[0mRESULT socket 2 (pair0) sent 3625 recd 3625 fail 0
[32m✔[0m[32m✔[0mRESULT socket 3 (pair0) sent 3547 recd 3547 fail 0
[32m✔[0m[32m✔[0mRESULT socket 4 (pair0) sent 3547 recd 3547 fail 0
[32m✔[0m[32m✔[0mRESULT socket 5 (pair0) sent 3692 recd 3692 fail 0
[32m✔[0m[32m✔[0mRESULT socket 6 (pair0) sent 3693 recd 3692 fail 0
[32m✔[0m[32m✔[0mRESULT socket 7 (bus0) sent 3531 recd 3530 fail 0
[32m✔[0m[32m✔[0mRESULT socket 8 (pair0) sent 3530 recd 3530 fail 0
[32m✔[0m[32m✔[0mRESULT socket 9 (pair0) sent 3529 recd 3529 fail 0
[32m✔[0m[32m✔[0mRESULT socket 10 (pair0) sent 3530 recd 3529 fail 0
[32m✔[0m[32m✔[0mRESULT socket 11 (pub) sent 5325 recd 0 fail 0
[32m✔[0m[32m✔[0mRESULT socket 12 (sub) sent 0 recd 5325 fail 0
[32m✔[0m[32m✔[0mRESULT socket 13 (pair0) sent 3564 recd 3564 fail 0
[32m✔[0m[32m✔[0mRESULT socket 14 (pair0) sent 3564 recd 3564 fail 0
[32m✔[0m[32m✔[0mRESULT socket 15 (push) sent 5266 recd 0 fail 0
[32m✔[0m[32m✔[0mRESULT socket 16 (pull) sent 0 recd 5266 fail 0
[32m✔[0m[32m✔[0mRESULT socket 17 (pub) sent 5267 recd 0 fail 0
[32m✔[0m[32m✔[0mRESULT socket 18 (sub) sent 0 recd 5267 fail 0
[32m✔[0m[32m✔[0mRESULT socket 19 (push) sent 5294 recd 0 fail 0
[32m✔[0m[32m✔[0mRESULT socket 20 (pull) sent 0 recd 5294 fail 0
[32m✔[0m[32m✔[0mRESULT socket 21 (bus0) sent 2446 recd 2446 fail 0
[32m✔[0m[32m✔[0mRESULT socket 22 (pair0) sent 2447 recd 2446 fail 0
[32m✔[0m[32m✔[0mRESULT socket 23 (bus0) sent 3645 recd 3645 fail 0
[32m✔[0m[32m✔[0mRESULT socket 24 (pair0) sent 3646 recd 3645 fail 0
[32m✔[0m[32m✔[0mRESULT socket 25 (rep) sent 4153 recd 4153 fail 0
[32m✔[0m[32m✔[0mRESULT socket 26 (req) sent 4153 recd 4153 fail 0
[32m✔[0m[32m✔[0m


[32m52 assertions thus far[0m

--- PASS: MultiProtocol/Transport Stress (0.00s)
PASS
ok      /Users/atman/code/pylon/nng/tests/multistress         30.049s
<end of output>
Test time =  30.06 sec
----------------------------------------------------------
Test Passed.
"multistress" end time: May 06 21:36 PDT
"multistress" time elapsed: 00:00:30
----------------------------------------------------------

18/65 Testing: nonblock
18/65 Test: nonblock
Command: "/Users/atman/code/pylon/nng/tests/nonblock" "-v" "-p" "TEST_PORT=12420"
Directory: /Users/atman/code/pylon/nng/tests
"nonblock" start time: May 06 21:36 PDT
Output:
----------------------------------------------------------
=== RUN: Nonblocking Works

  Running for 15 sec [32m✔[0m[32m✔[0m[32m✔[0m[32m✔[0m[32m✔[0m[32m✔[0m[32m✔[0m[32m✔[0m[32m✔[0m[32m✔[0m[32m✔[0m


[32m11 assertions thus far[0m

--- PASS: Nonblocking Works (15.00s)
PASS
ok      /Users/atman/code/pylon/nng/tests/nonblock            15.004s
<end of output>
Test time =  15.03 sec
----------------------------------------------------------
Test Passed.
"nonblock" end time: May 06 21:36 PDT
"nonblock" time elapsed: 00:00:15
----------------------------------------------------------

19/65 Testing: options
19/65 Test: options
Command: "/Users/atman/code/pylon/nng/tests/options" "-v" "-p" "TEST_PORT=12440"
Directory: /Users/atman/code/pylon/nng/tests
"options" start time: May 06 21:36 PDT
Output:
----------------------------------------------------------
=== RUN: Option Parsing

  Simple works [32m✔[0m[32m✔[0m[32m✔[0m[32m✔[0m[32m✔[0m[32m✔[0m[32m✔[0m[32m✔[0m[32m✔[0m[32m✔[0m[32m✔[0m
  Long works [32m✔[0m[32m✔[0m[32m✔[0m[32m✔[0m[32m✔[0m[32m✔[0m[32m✔[0m[32m✔[0m[32m✔[0m[32m✔[0m[32m✔[0m
  Attached short works [32m✔[0m[32m✔[0m[32m✔[0m[32m✔[0m[32m✔[0m[32m✔[0m[32m✔[0m
  Attached long (=) works [32m✔[0m[32m✔[0m[32m✔[0m[32m✔[0m[32m✔[0m[32m✔[0m[32m✔[0m
  Attached long (:) works [32m✔[0m[32m✔[0m[32m✔[0m[32m✔[0m[32m✔[0m[32m✔[0m[32m✔[0m
  Negative bad short works [32m✔[0m[32m✔[0m
  Negative bad long works [32m✔[0m[32m✔[0m
  Separator flag works [32m✔[0m[32m✔[0m[32m✔[0m[32m✔[0m[32m✔[0m
  No options works [32m✔[0m
  No options (but arguments) works [32m✔[0m[32m✔[0m
  Mixed long and short works [32m✔[0m[32m✔[0m[32m✔[0m[32m✔[0m[32m✔[0m[32m✔[0m[32m✔[0m[32m✔[0m[32m✔[0m[32m✔[0m[32m✔[0m[32m✔[0m[32m✔[0m[32m✔[0m[32m✔[0m[32m✔[0m[32m✔[0m[32m✔[0m[32m✔[0m[32m✔[0m


[32m75 assertions thus far[0m

--- PASS: Option Parsing (0.00s)
PASS
ok      /Users/atman/code/pylon/nng/tests/options              0.000s
<end of output>
Test time =   0.01 sec
----------------------------------------------------------
Test Passed.
"options" end time: May 06 21:36 PDT
"options" time elapsed: 00:00:00
----------------------------------------------------------

20/65 Testing: pipe
20/65 Test: pipe
Command: "/Users/atman/code/pylon/nng/tests/pipe" "-v" "-p" "TEST_PORT=12460"
Directory: /Users/atman/code/pylon/nng/tests
"pipe" start time: May 06 21:36 PDT
Output:
----------------------------------------------------------
=== RUN: Pipe notify works

  We can create a pipeline [32m✔[0m[32m✔[0m[32m✔[0m[32m✔[0m[32m✔[0m[32m✔[0m
    Dialing works [32m✔[0m[32m✔[0m[32m✔[0m[32m✔[0m[32m✔[0m[32m✔[0m[32m✔[0m[32m✔[0m[32m✔[0m[32m✔[0m[32m✔[0m[32m✔[0m
      We can send a frame [32m✔[0m[32m✔[0m[32m✔[0m[32m✔[0m[32m✔[0m[32m✔[0m[32m✔[0m[32m✔[0m[32m✔[0m[32m✔[0m[32m✔[0m[32m✔[0m[32m✔[0m[32m✔[0m[32m✔[0m[32m✔[0m[32m✔[0m[32m✔[0m[32m✔[0m[32m✔[0m[32m✔[0m[32m✔[0m[32m✔[0m[32m✔[0m[32m✔[0m
      Reconnection works [32m✔[0m[32m✔[0m[32m✔[0m[32m✔[0m[32m✔[0m[32m✔[0m[32m✔[0m
        They still exchange frames [32m✔[0m[32m✔[0m[32m✔[0m[32m✔[0m[32m✔[0m[32m✔[0m[32m✔[0m[32m✔[0m[32m✔[0m[32m✔[0m[32m✔[0m[32m✔[0m[32m✔[0m[32m✔[0m[32m✔[0m[32m✔[0m[32m✔[0m[32m✔[0m[32m✔[0m[32m✔[0m[32m✔[0m[32m✔[0m[32m✔[0m[32m✔[0m[32m✔[0m[32m✔[0m[32m✔[0m[32m✔[0m[32m✔[0m[32m✔[0m[32m✔[0m[32m✔[0m[32m✔[0m[32m✔[0m[32m✔[0m[32m✔[0m[32m✔[0m[32m✔[0m[32m✔[0m[32m✔[0m[32m✔[0m[32m✔[0m[32m✔[0m[32m✔[0m[32m✔[0m[32m✔[0m[32m✔[0m[32m✔[0m[32m✔[0m[32m✔[0m[32m✔[0m[32m✔[0m[32m✔[0m[32m✔[0m[32m✔[0m[32m✔[0m


[32m106 assertions thus far[0m

--- PASS: Pipe notify works (1.02s)
PASS
ok      /Users/atman/code/pylon/nng/tests/pipe                 1.026s
<end of output>
Test time =   1.03 sec
----------------------------------------------------------
Test Passed.
"pipe" end time: May 06 21:36 PDT
"pipe" time elapsed: 00:00:01
----------------------------------------------------------

21/65 Testing: platform
21/65 Test: platform
Command: "/Users/atman/code/pylon/nng/tests/platform" "-v" "-p" "TEST_PORT=12480"
Directory: /Users/atman/code/pylon/nng/tests
"platform" start time: May 06 21:36 PDT
Output:
----------------------------------------------------------
=== RUN: Platform Operations

  The clock works 
    usleep works [32m✔[0m[32m✔[0m
    times work [32m✔[0m[32m✔[0m[32m✔[0m[32m✔[0m[32m✔[0m
  Mutexes work [32m✔[0m
    We can lock a mutex [32m✔[0m
      And we can unlock it [32m✔[0m
        And then lock it again [32m✔[0m[32m✔[0m[32m✔[0m[32m✔[0m[32m✔[0m[32m✔[0m[32m✔[0m[32m✔[0m
  Threads work 
    We can create threads [32m✔[0m
      It ran [32m✔[0m[32m✔[0m


[32m21 assertions thus far[0m

--- PASS: Platform Operations (0.35s)
PASS
ok      /Users/atman/code/pylon/nng/tests/platform             0.358s
<end of output>
Test time =   0.36 sec
----------------------------------------------------------
Test Passed.
"platform" end time: May 06 21:36 PDT
"platform" time elapsed: 00:00:00
----------------------------------------------------------

22/65 Testing: pollfd
22/65 Test: pollfd
Command: "/Users/atman/code/pylon/nng/tests/pollfd" "-v" "-p" "TEST_PORT=12500"
Directory: /Users/atman/code/pylon/nng/tests
"pollfd" start time: May 06 21:36 PDT
Output:
----------------------------------------------------------
=== RUN: Poll FDs

  Given a connected pair of sockets [32m✔[0m[32m✔[0m[32m✔[0m[32m✔[0m
    We can get a recv FD [32m✔[0m[32m✔[0m
      And it is always the same fd [32m✔[0m[32m✔[0m[32m✔[0m[32m✔[0m[32m✔[0m[32m✔[0m[32m✔[0m[32m✔[0m
      And they start non pollable [32m✔[0m[32m✔[0m[32m✔[0m[32m✔[0m[32m✔[0m[32m✔[0m[32m✔[0m[32m✔[0m
      But if we write they are pollable [32m✔[0m[32m✔[0m[32m✔[0m[32m✔[0m[32m✔[0m[32m✔[0m[32m✔[0m[32m✔[0m[32m✔[0m[32m✔[0m[32m✔[0m[32m✔[0m[32m✔[0m
    We can get a send FD [32m✔[0m[32m✔[0m[32m✔[0m[32m✔[0m[32m✔[0m[32m✔[0m[32m✔[0m
    Must have a big enough size [32m✔[0m[32m✔[0m[32m✔[0m[32m✔[0m[32m✔[0m[32m✔[0m[32m✔[0m
  We cannot get a send FD for PULL [32m✔[0m[32m✔[0m
  We cannot get a recv FD for PUSH [32m✔[0m[32m✔[0m


[32m53 assertions thus far[0m

--- PASS: Poll FDs (0.37s)
PASS
ok      /Users/atman/code/pylon/nng/tests/pollfd               0.371s
<end of output>
Test time =   0.38 sec
----------------------------------------------------------
Test Passed.
"pollfd" end time: May 06 21:36 PDT
"pollfd" time elapsed: 00:00:00
----------------------------------------------------------

23/65 Testing: reconnect
23/65 Test: reconnect
Command: "/Users/atman/code/pylon/nng/tests/reconnect" "-v" "-p" "TEST_PORT=12520"
Directory: /Users/atman/code/pylon/nng/tests
"reconnect" start time: May 06 21:36 PDT
Output:
----------------------------------------------------------
=== RUN: Reconnect works

  We can create a pipeline [32m✔[0m[32m✔[0m[32m✔[0m[32m✔[0m
    Dialing before listening works [32m✔[0m[32m✔[0m
      We can send a frame [32m✔[0m[32m✔[0m[32m✔[0m[32m✔[0m[32m✔[0m[32m✔[0m[32m✔[0m[32m✔[0m[32m✔[0m[32m✔[0m[32m✔[0m[32m✔[0m[32m✔[0m[32m✔[0m[32m✔[0m[32m✔[0m
    Reconnection works [32m✔[0m[32m✔[0m[32m✔[0m
      They still exchange frames [32m✔[0m[32m✔[0m[32m✔[0m[32m✔[0m[32m✔[0m[32m✔[0m
        Even after pipe close [32m✔[0m[32m✔[0m[32m✔[0m[32m✔[0m[32m✔[0m[32m✔[0m[32m✔[0m[32m✔[0m[32m✔[0m[32m✔[0m[32m✔[0m[32m✔[0m[32m✔[0m[32m✔[0m[32m✔[0m[32m✔[0m[32m✔[0m[32m✔[0m[32m✔[0m[32m✔[0m[32m✔[0m[32m✔[0m[32m✔[0m[32m✔[0m[32m✔[0m[32m✔[0m[32m✔[0m[32m✔[0m[32m✔[0m[32m✔[0m[32m✔[0m


[32m62 assertions thus far[0m

--- PASS: Reconnect works (2.90s)
PASS
ok      /Users/atman/code/pylon/nng/tests/reconnect            2.901s
<end of output>
Test time =   2.91 sec
----------------------------------------------------------
Test Passed.
"reconnect" end time: May 06 21:36 PDT
"reconnect" time elapsed: 00:00:02
----------------------------------------------------------

24/65 Testing: resolv
24/65 Test: resolv
Command: "/Users/atman/code/pylon/nng/tests/resolv" "-v" "-p" "TEST_PORT=12540"
Directory: /Users/atman/code/pylon/nng/tests
"resolv" start time: May 06 21:36 PDT
Output:
----------------------------------------------------------
=== RUN: Resolver

  Google DNS IPv4 resolves [32m✔[0m[32m✔[0m[32m✔[0m[32m✔[0m[32m✔[0m
  Numeric UDP resolves [32m✔[0m[32m✔[0m[32m✔[0m[32m✔[0m[32m✔[0m
  Numeric v4 resolves [32m✔[0m[32m✔[0m[32m✔[0m[32m✔[0m[32m✔[0m
  Numeric v6 resolves [32m✔[0m[32m✔[0m[32m✔[0m[32m✔[0m[32m✔[0m
  TCP Name service resolves [32m✔[0m[32m✔[0m[32m✔[0m[32m✔[0m[32m✔[0m
  UDP Name service resolves [32m✔[0m[32m✔[0m[32m✔[0m[32m✔[0m[32m✔[0m
  Localhost IPv4 resolves [32m✔[0m[32m✔[0m[32m✔[0m[32m✔[0m[32m✔[0m[32m✔[0m
  Localhost UNSPEC resolves [32m✔[0m[32m✔[0m[32m✔[0m[32m✔[0m[32m✔[0m


[32m41 assertions thus far[0m

--- PASS: Resolver (0.06s)
PASS
ok      /Users/atman/code/pylon/nng/tests/resolv               0.068s
<end of output>
Test time =   0.08 sec
----------------------------------------------------------
Test Passed.
"resolv" end time: May 06 21:36 PDT
"resolv" time elapsed: 00:00:00
----------------------------------------------------------

25/65 Testing: scalability
25/65 Test: scalability
Command: "/Users/atman/code/pylon/nng/tests/scalability" "-v" "-p" "TEST_PORT=12560"
Directory: /Users/atman/code/pylon/nng/tests
"scalability" start time: May 06 21:36 PDT
Output:
----------------------------------------------------------
=== RUN: Scalability

  We can handle many many clients [32m✔[0m[32m✔[0m[32m✔[0m[32m✔[0m[32m✔[0m[32m✔[0m[32m✔[0m[32m✔[0m[32m✔[0m[32m✔[0m[32m✔[0m[32m✔[0m[32m✔[0m[32m✔[0m[32m✔[0m[32m✔[0m[32m✔[0m[32m✔[0m[32m✔[0m[32m✔[0m[32m✔[0m[32m✔[0m[32m✔[0m[32m✔[0m[32m✔[0m[32m✔[0m[32m✔[0m[32m✔[0m[32m✔[0m[32m✔[0m[32m✔[0m[32m✔[0m[32m✔[0m[32m✔[0m[32m✔[0m[32m✔[0m[32m✔[0m[32m✔[0m[32m✔[0m[32m✔[0m[32m✔[0m[32m✔[0m[32m✔[0m[32m✔[0m[32m✔[0m[32m✔[0m[32m✔[0m[32m✔[0m[32m✔[0m[32m✔[0m[32m✔[0m[32m✔[0m[32m✔[0m[32m✔[0m[32m✔[0m[32m✔[0m[32m✔[0m[32m✔[0m[32m✔[0m[32m✔[0m[32m✔[0m[32m✔[0m[32m✔[0m[32m✔[0m[32m✔[0m[32m✔[0m[32m✔[0m[32m✔[0m[32m✔[0m[32m✔[0m[32m✔[0m[32m✔[0m[32m✔[0m[32m✔[0m[32m✔[0m[32m✔[0m[32m✔[0m[32m✔[0m[32m✔[0m[32m✔[0m[32m✔[0m[32m✔[0m[32m✔[0m[32m✔[0m[32m✔[0m[32m✔[0m[32m✔[0m[32m✔[0m[32m✔[0m[32m✔[0m[32m✔[0m[32m✔[0m[32m✔[0m[32m✔[0m[32m✔[0m[32m✔[0m[32m✔[0m[32m✔[0m[32m✔[0m[32m✔[0m[32m✔[0m[32m✔[0m[32m✔[0m[32m✔[0m[32m✔[0m[32m✔[0m[32m✔[0m[32m✔[0m[32m✔[0m[32m✔[0m[32m✔[0m[32m✔[0m[32m✔[0m[32m✔[0m[32m✔[0m[32m✔[0m[32m✔[0m[32m✔[0m[32m✔[0m[32m✔[0m[32m✔[0m[32m✔[0m[32m✔[0m[32m✔[0m[32m✔[0m[32m✔[0m[32m✔[0m[32m✔[0m[32m✔[0m[32m✔[0m[32m✔[0m[32m✔[0m[32m✔[0m[32m✔[0m[32m✔[0m[32m✔[0m[32m✔[0m[32m✔[0m[32m✔[0m[32m✔[0m[32m✔[0m[32m✔[0m[32m✔[0m[32m✔[0m[32m✔[0m[32m✔[0m[32m✔[0m[32m✔[0m[32m✔[0m[32m✔[0m[32m✔[0m[32m✔[0m[32m✔[0m[32m✔[0m[32m✔[0m[32m✔[0m[32m✔[0m[32m✔[0m[32m✔[0m[32m✔[0m[32m✔[0m[32m✔[0m[32m✔[0m[32m✔[0m[32m✔[0m[32m✔[0m[32m✔[0m[32m✔[0m[32m✔[0m[32m✔[0m[32m✔[0m[32m✔[0m[32m✔[0m[32m✔[0m[32m✔[0m[32m✔[0m[32m✔[0m[32m✔[0m[32m✔[0m[32m✔[0m[32m✔[0m[32m✔[0m[32m✔[0m[32m✔[0m[32m✔[0m[32m✔[0m[32m✔[0m[32m✔[0m[32m✔[0m[32m✔[0m[32m✔[0m[32m✔[0m[32m✔[0m[32m✔[0m[32m✔[0m[32m✔[0m[32m✔[0m[32m✔[0m[32m✔[0m[32m✔[0m[32m✔[0m[32m✔[0m


[32m202 assertions thus far[0m

--- PASS: Scalability (0.05s)
PASS
ok      /Users/atman/code/pylon/nng/tests/scalability          0.056s
<end of output>
Test time =   0.06 sec
----------------------------------------------------------
Test Passed.
"scalability" end time: May 06 21:36 PDT
"scalability" time elapsed: 00:00:00
----------------------------------------------------------

26/65 Testing: sha1
26/65 Test: sha1
Command: "/Users/atman/code/pylon/nng/tests/sha1" "-v" "-p" "TEST_PORT=12580"
Directory: /Users/atman/code/pylon/nng/tests
"sha1" start time: May 06 21:36 PDT
Output:
----------------------------------------------------------
=== RUN: SHA1 Verification

  SHA1 Works [32m✔[0m[32m✔[0m[32m✔[0m[32m✔[0m


[32m4 assertions thus far[0m

--- PASS: SHA1 Verification (0.02s)
PASS
ok      /Users/atman/code/pylon/nng/tests/sha1                 0.026s
<end of output>
Test time =   0.03 sec
----------------------------------------------------------
Test Passed.
"sha1" end time: May 06 21:36 PDT
"sha1" time elapsed: 00:00:00
----------------------------------------------------------

27/65 Testing: sock
27/65 Test: sock
Command: "/Users/atman/code/pylon/nng/tests/sock" "-v" "-p" "TEST_PORT=12600"
Directory: /Users/atman/code/pylon/nng/tests
"sock" start time: May 06 21:36 PDT
Output:
----------------------------------------------------------
=== RUN: Socket Operations

  We are able to open a PAIR socket [32m✔[0m
    Recv with no pipes times out correctly [32m✔[0m[32m✔[0m[32m✔[0m[32m✔[0m[32m✔[0m[32m✔[0m[32m✔[0m
    Recv nonblock with no pipes gives EAGAIN [32m✔[0m[32m✔[0m[32m✔[0m
    Send with no pipes times out correctly [32m✔[0m[32m✔[0m[32m✔[0m[32m✔[0m[32m✔[0m[32m✔[0m[32m✔[0m
    We can set and get options [32m✔[0m
      Read only options handled properly [32m✔[0m[32m✔[0m[32m✔[0m[32m✔[0m[32m✔[0m
      Sockname option works [32m✔[0m[32m✔[0m[32m✔[0m[32m✔[0m[32m✔[0m[32m✔[0m[32m✔[0m[32m✔[0m[32m✔[0m[32m✔[0m[32m✔[0m[32m✔[0m[32m✔[0m[32m✔[0m
      RAW option works [32m✔[0m[32m✔[0m[32m✔[0m[32m✔[0m
      URL option works [32m✔[0m[32m✔[0m[32m✔[0m[32m✔[0m[32m✔[0m[32m✔[0m[32m✔[0m[32m✔[0m[32m✔[0m[32m✔[0m
      We can apply options before endpoint [32m✔[0m[32m✔[0m[32m✔[0m[32m✔[0m
        Endpoint option can be overridden [32m✔[0m[32m✔[0m[32m✔[0m[32m✔[0m[32m✔[0m[32m✔[0m[32m✔[0m[32m✔[0m[32m✔[0m[32m✔[0m[32m✔[0m
        And socket overrides again [32m✔[0m[32m✔[0m[32m✔[0m[32m✔[0m[32m✔[0m[32m✔[0m[32m✔[0m[32m✔[0m[32m✔[0m[32m✔[0m[32m✔[0m
      Short size is not copied [32m✔[0m[32m✔[0m[32m✔[0m[32m✔[0m[32m✔[0m[32m✔[0m[32m✔[0m[32m✔[0m[32m✔[0m
      Correct size is copied [32m✔[0m[32m✔[0m[32m✔[0m[32m✔[0m[32m✔[0m
      Short size buf is not copied [32m✔[0m[32m✔[0m[32m✔[0m[32m✔[0m[32m✔[0m
      Insane buffer size fails [32m✔[0m[32m✔[0m[32m✔[0m[32m✔[0m
      Negative timeout fails [32m✔[0m[32m✔[0m[32m✔[0m
      Short timeout fails [32m✔[0m[32m✔[0m[32m✔[0m[32m✔[0m
      Cannot set raw [32m✔[0m[32m✔[0m[32m✔[0m
      Unsupported options fail [32m✔[0m[32m✔[0m[32m✔[0m
      Bogus sizes fail [32m✔[0m[32m✔[0m[32m✔[0m[32m✔[0m[32m✔[0m[32m✔[0m[32m✔[0m[32m✔[0m[32m✔[0m[32m✔[0m[32m✔[0m[32m✔[0m[32m✔[0m
    Bogus URLs not supported 
      Dialing fails properly [32m✔[0m[32m✔[0m
      Listening fails properly [32m✔[0m[32m✔[0m[32m✔[0m
    Dialing synch can get refused [32m✔[0m[32m✔[0m
    Dialing asynch does not get refused [32m✔[0m
      And connects late [32m✔[0m[32m✔[0m[32m✔[0m[32m✔[0m[32m✔[0m[32m✔[0m[32m✔[0m[32m✔[0m[32m✔[0m
    Listening works [32m✔[0m[32m✔[0m[32m✔[0m
      Second listen fails ADDRINUSE [32m✔[0m[32m✔[0m[32m✔[0m[32m✔[0m[32m✔[0m
      We cannot try to start a listener again [32m✔[0m[32m✔[0m[32m✔[0m[32m✔[0m[32m✔[0m
      We can connect to it [32m✔[0m[32m✔[0m[32m✔[0m[32m✔[0m[32m✔[0m[32m✔[0m[32m✔[0m[32m✔[0m
    Dialer creation ok [32m✔[0m[32m✔[0m[32m✔[0m
      Options work [32m✔[0m[32m✔[0m[32m✔[0m[32m✔[0m[32m✔[0m[32m✔[0m[32m✔[0m
      Cannot access as listener [32m✔[0m[32m✔[0m[32m✔[0m[32m✔[0m[32m✔[0m[32m✔[0m
      Socket opts not for dialer [32m✔[0m[32m✔[0m[32m✔[0m[32m✔[0m[32m✔[0m[32m✔[0m[32m✔[0m
      URL is readonly [32m✔[0m[32m✔[0m[32m✔[0m[32m✔[0m[32m✔[0m
      Bad size checks [32m✔[0m[32m✔[0m[32m✔[0m[32m✔[0m[32m✔[0m
      Cannot listen [32m✔[0m[32m✔[0m[32m✔[0m[32m✔[0m[32m✔[0m[32m✔[0m
    Listener creation ok [32m✔[0m
      Options work [32m✔[0m[32m✔[0m[32m✔[0m[32m✔[0m[32m✔[0m
      Cannot access as dialer [32m✔[0m[32m✔[0m[32m✔[0m[32m✔[0m
      Socket opts not for listener [32m✔[0m[32m✔[0m[32m✔[0m[32m✔[0m[32m✔[0m
      URL is readonly [32m✔[0m[32m✔[0m[32m✔[0m
      Bad size checks [32m✔[0m[32m✔[0m[32m✔[0m
      Cannot dial [32m✔[0m[32m✔[0m[32m✔[0m[32m✔[0m
    Cannot access absent ep options [32m✔[0m[32m✔[0m[32m✔[0m[32m✔[0m[32m✔[0m[32m✔[0m[32m✔[0m[32m✔[0m[32m✔[0m[32m✔[0m[32m✔[0m
    We can send and receive messages [32m✔[0m[32m✔[0m[32m✔[0m[32m✔[0m[32m✔[0m[32m✔[0m[32m✔[0m[32m✔[0m[32m✔[0m[32m✔[0m[32m✔[0m[32m✔[0m[32m✔[0m[32m✔[0m[32m✔[0m[32m✔[0m[32m✔[0m[32m✔[0m


[32m258 assertions thus far[0m

--- PASS: Socket Operations (0.42s)
PASS
ok      /Users/atman/code/pylon/nng/tests/sock                 0.421s
<end of output>
Test time =   0.43 sec
----------------------------------------------------------
Test Passed.
"sock" end time: May 06 21:36 PDT
"sock" time elapsed: 00:00:00
----------------------------------------------------------

28/65 Testing: synch
28/65 Test: synch
Command: "/Users/atman/code/pylon/nng/tests/synch" "-v" "-p" "TEST_PORT=12620"
Directory: /Users/atman/code/pylon/nng/tests
"synch" start time: May 06 21:36 PDT
Output:
----------------------------------------------------------
=== RUN: Synchronization

  Synchronization works 
    Mutexes work [32m✔[0m
      We can lock a mutex [32m✔[0m
        And we can unlock it [32m✔[0m
          And then lock it again [32m✔[0m[32m✔[0m[32m✔[0m[32m✔[0m[32m✔[0m[32m✔[0m[32m✔[0m
        Things block properly [32m✔[0m[32m✔[0m[32m✔[0m[32m✔[0m[32m✔[0m[32m✔[0m[32m✔[0m[32m✔[0m
    Condition variables work [32m✔[0m[32m✔[0m
      Notification works [32m✔[0m[32m✔[0m[32m✔[0m[32m✔[0m
      Timeout works [32m✔[0m[32m✔[0m[32m✔[0m[32m✔[0m
      Empty timeout is EAGAIN [32m✔[0m[32m✔[0m[32m✔[0m
      Not running works [32m✔[0m[32m✔[0m[32m✔[0m
  Fallback synchronization works 
    Mutexes work [32m✔[0m
      We can lock a mutex [32m✔[0m
        And we can unlock it [32m✔[0m
          And then lock it again [32m✔[0m[32m✔[0m[32m✔[0m[32m✔[0m[32m✔[0m[32m✔[0m[32m✔[0m
        Things block properly [32m✔[0m[32m✔[0m[32m✔[0m[32m✔[0m[32m✔[0m[32m✔[0m[32m✔[0m[32m✔[0m
    Condition variables work [32m✔[0m[32m✔[0m
      Notification works [32m✔[0m[32m✔[0m[32m✔[0m[32m✔[0m
      Timeout works [32m✔[0m[32m✔[0m[32m✔[0m[32m✔[0m
      Empty timeout is EAGAIN [32m✔[0m[32m✔[0m[32m✔[0m
      Not running works [32m✔[0m[32m✔[0m[32m✔[0m
  Transform works [32m✔[0m[32m✔[0m[32m✔[0m[32m✔[0m


[32m72 assertions thus far[0m

--- PASS: Synchronization (0.51s)
PASS
ok      /Users/atman/code/pylon/nng/tests/synch                0.514s
<end of output>
Test time =   0.52 sec
----------------------------------------------------------
Test Passed.
"synch" end time: May 06 21:36 PDT
"synch" time elapsed: 00:00:00
----------------------------------------------------------

29/65 Testing: tcp
29/65 Test: tcp
Command: "/Users/atman/code/pylon/nng/tests/tcp" "-v" "-p" "TEST_PORT=12640"
Directory: /Users/atman/code/pylon/nng/tests
"tcp" start time: May 06 21:36 PDT
Output:
----------------------------------------------------------
=== RUN: TCP Transport

  Given transport [32m✔[0m[32m✔[0m[32m✔[0m[32m✔[0m
    Scheme is correct [32m✔[0m[32m✔[0m[32m✔[0m[32m✔[0m[32m✔[0m[32m✔[0m
    Connection refused works [32m✔[0m[32m✔[0m[32m✔[0m[32m✔[0m[32m✔[0m[32m✔[0m[32m✔[0m[32m✔[0m
    Duplicate listen rejected [32m✔[0m[32m✔[0m[32m✔[0m[32m✔[0m[32m✔[0m[32m✔[0m[32m✔[0m[32m✔[0m[32m✔[0m
    Listen and accept [32m✔[0m[32m✔[0m[32m✔[0m[32m✔[0m[32m✔[0m[32m✔[0m[32m✔[0m[32m✔[0m[32m✔[0m
    Send and recv [32m✔[0m[32m✔[0m[32m✔[0m[32m✔[0m[32m✔[0m[32m✔[0m[32m✔[0m[32m✔[0m[32m✔[0m[32m✔[0m[32m✔[0m[32m✔[0m[32m✔[0m[32m✔[0m[32m✔[0m[32m✔[0m[32m✔[0m[32m✔[0m[32m✔[0m[32m✔[0m[32m✔[0m[32m✔[0m[32m✔[0m[32m✔[0m[32m✔[0m[32m✔[0m
    Send and recv large data [32m✔[0m[32m✔[0m[32m✔[0m[32m✔[0m[32m✔[0m[32m✔[0m[32m✔[0m[32m✔[0m[32m✔[0m[32m✔[0m[32m✔[0m[32m✔[0m[32m✔[0m[32m✔[0m[32m✔[0m[32m✔[0m[32m✔[0m[32m✔[0m[32m✔[0m[32m✔[0m[32m✔[0m[32m✔[0m[32m✔[0m
    Send and recv multi [32m✔[0m[32m✔[0m[32m✔[0m[32m✔[0m[32m✔[0m[32m✔[0m[32m✔[0m[32m✔[0m[32m✔[0m[32m✔[0m[32m✔[0m[32m✔[0m[32m✔[0m[32m✔[0m[32m✔[0m[32m✔[0m[32m✔[0m[32m✔[0m[32m✔[0m[32m✔[0m[32m✔[0m[32m✔[0m[32m✔[0m[32m✔[0m[32m✔[0m[32m✔[0m[32m✔[0m[32m✔[0m[32m✔[0m[32m✔[0m[32m✔[0m[32m✔[0m[32m✔[0m[32m✔[0m[32m✔[0m[32m✔[0m[32m✔[0m[32m✔[0m[32m✔[0m[32m✔[0m[32m✔[0m[32m✔[0m[32m✔[0m[32m✔[0m[32m✔[0m[32m✔[0m[32m✔[0m[32m✔[0m[32m✔[0m[32m✔[0m[32m✔[0m[32m✔[0m[32m✔[0m[32m✔[0m[32m✔[0m[32m✔[0m[32m✔[0m[32m✔[0m[32m✔[0m[32m✔[0m[32m✔[0m[32m✔[0m[32m✔[0m[32m✔[0m[32m✔[0m[32m✔[0m[32m✔[0m[32m✔[0m[32m✔[0m[32m✔[0m[32m✔[0m[32m✔[0m[32m✔[0m[32m✔[0m[32m✔[0m[32m✔[0m[32m✔[0m[32m✔[0m[32m✔[0m[32m✔[0m[32m✔[0m[32m✔[0m[32m✔[0m[32m✔[0m[32m✔[0m[32m✔[0m[32m✔[0m[32m✔[0m[32m✔[0m[32m✔[0m[32m✔[0m[32m✔[0m[32m✔[0m[32m✔[0m[32m✔[0m[32m✔[0m[32m✔[0m[32m✔[0m[32m✔[0m[32m✔[0m[32m✔[0m[32m✔[0m[32m✔[0m[32m✔[0m[32m✔[0m[32m✔[0m[32m✔[0m[32m✔[0m[32m✔[0m[32m✔[0m[32m✔[0m[32m✔[0m[32m✔[0m[32m✔[0m[32m✔[0m[32m✔[0m[32m✔[0m[32m✔[0m[32m✔[0m[32m✔[0m[32m✔[0m[32m✔[0m[32m✔[0m[32m✔[0m[32m✔[0m[32m✔[0m[32m✔[0m[32m✔[0m[32m✔[0m[32m✔[0m[32m✔[0m[32m✔[0m[32m✔[0m[32m✔[0m[32m✔[0m[32m✔[0m[32m✔[0m[32m✔[0m[32m✔[0m[32m✔[0m[32m✔[0m[32m✔[0m[32m✔[0m[32m✔[0m[32m✔[0m[32m✔[0m[32m✔[0m[32m✔[0m[32m✔[0m[32m✔[0m[32m✔[0m[32m✔[0m[32m✔[0m[32m✔[0m[32m✔[0m[32m✔[0m[32m✔[0m[32m✔[0m[32m✔[0m[32m✔[0m[32m✔[0m[32m✔[0m[32m✔[0m[32m✔[0m[32m✔[0m[32m✔[0m[32m✔[0m[32m✔[0m[32m✔[0m[32m✔[0m[32m✔[0m[32m✔[0m[32m✔[0m[32m✔[0m[32m✔[0m[32m✔[0m[32m✔[0m[32m✔[0m[32m✔[0m[32m✔[0m[32m✔[0m[32m✔[0m[32m✔[0m[32m✔[0m[32m✔[0m[32m✔[0m[32m✔[0m[32m✔[0m
    Properties test [32m✔[0m[32m✔[0m[32m✔[0m[32m✔[0m[32m✔[0m[32m✔[0m[32m✔[0m[32m✔[0m[32m✔[0m[32m✔[0m[32m✔[0m[32m✔[0m[32m✔[0m[32m✔[0m[32m✔[0m[32m✔[0m[32m✔[0m[32m✔[0m[32m✔[0m[32m✔[0m[32m✔[0m[32m✔[0m[32m✔[0m[32m✔[0m[32m✔[0m[32m✔[0m[32m✔[0m[32m✔[0m[32m✔[0m[32m✔[0m[32m✔[0m[32m✔[0m[32m✔[0m[32m✔[0m
  We cannot connect to wild cards [32m✔[0m[32m✔[0m
  We can bind to wild card [32m✔[0m[32m✔[0m[32m✔[0m[32m✔[0m
  We can bind to port zero [32m✔[0m[32m✔[0m[32m✔[0m[32m✔[0m[32m✔[0m[32m✔[0m
  Malformed TCP addresses do not panic [32m✔[0m[32m✔[0m[32m✔[0m[32m✔[0m[32m✔[0m[32m✔[0m
  No delay option [32m✔[0m[32m✔[0m[32m✔[0m[32m✔[0m[32m✔[0m[32m✔[0m[32m✔[0m[32m✔[0m[32m✔[0m[32m✔[0m[32m✔[0m[32m✔[0m[32m✔[0m[32m✔[0m[32m✔[0m[32m✔[0m[32m✔[0m[32m✔[0m[32m✔[0m[32m✔[0m[32m✔[0m[32m✔[0m[32m✔[0m
  Keepalive option [32m✔[0m[32m✔[0m[32m✔[0m[32m✔[0m[32m✔[0m[32m✔[0m[32m✔[0m[32m✔[0m[32m✔[0m[32m✔[0m[32m✔[0m[32m✔[0m[32m✔[0m[32m✔[0m[32m✔[0m[32m✔[0m[32m✔[0m[32m✔[0m[32m✔[0m[32m✔[0m[32m✔[0m


[32m369 assertions thus far[0m

--- PASS: TCP Transport (1.09s)
PASS
ok      /Users/atman/code/pylon/nng/tests/tcp                  1.093s
<end of output>
Test time =   1.10 sec
----------------------------------------------------------
Test Passed.
"tcp" end time: May 06 21:36 PDT
"tcp" time elapsed: 00:00:01
----------------------------------------------------------

30/65 Testing: tcp6
30/65 Test: tcp6
Command: "/Users/atman/code/pylon/nng/tests/tcp6" "-v" "-p" "TEST_PORT=12660"
Directory: /Users/atman/code/pylon/nng/tests
"tcp6" start time: May 06 21:36 PDT
Output:
----------------------------------------------------------
=== RUN: TCP (IPv6) Transport

  Given transport [32m✔[0m[32m✔[0m[32m✔[0m[32m✔[0m
    Scheme is correct [32m✔[0m[32m✔[0m[32m✔[0m[32m✔[0m[32m✔[0m[32m✔[0m
    Connection refused works [32m✔[0m[32m✔[0m[32m✔[0m[32m✔[0m[32m✔[0m[32m✔[0m[32m✔[0m[32m✔[0m
    Duplicate listen rejected [32m✔[0m[32m✔[0m[32m✔[0m[32m✔[0m[32m✔[0m[32m✔[0m[32m✔[0m[32m✔[0m[32m✔[0m
    Listen and accept [32m✔[0m[32m✔[0m[32m✔[0m[32m✔[0m[32m✔[0m[32m✔[0m[32m✔[0m[32m✔[0m[32m✔[0m
    Send and recv [32m✔[0m[32m✔[0m[32m✔[0m[32m✔[0m[32m✔[0m[32m✔[0m[32m✔[0m[32m✔[0m[32m✔[0m[32m✔[0m[32m✔[0m[32m✔[0m[32m✔[0m[32m✔[0m[32m✔[0m[32m✔[0m[32m✔[0m[32m✔[0m[32m✔[0m[32m✔[0m[32m✔[0m[32m✔[0m[32m✔[0m[32m✔[0m[32m✔[0m[32m✔[0m
    Send and recv large data [32m✔[0m[32m✔[0m[32m✔[0m[32m✔[0m[32m✔[0m[32m✔[0m[32m✔[0m[32m✔[0m[32m✔[0m[32m✔[0m[32m✔[0m[32m✔[0m[32m✔[0m[32m✔[0m[32m✔[0m[32m✔[0m[32m✔[0m[32m✔[0m[32m✔[0m[32m✔[0m[32m✔[0m[32m✔[0m[32m✔[0m
    Send and recv multi [32m✔[0m[32m✔[0m[32m✔[0m[32m✔[0m[32m✔[0m[32m✔[0m[32m✔[0m[32m✔[0m[32m✔[0m[32m✔[0m[32m✔[0m[32m✔[0m[32m✔[0m[32m✔[0m[32m✔[0m[32m✔[0m[32m✔[0m[32m✔[0m[32m✔[0m[32m✔[0m[32m✔[0m[32m✔[0m[32m✔[0m[32m✔[0m[32m✔[0m[32m✔[0m[32m✔[0m[32m✔[0m[32m✔[0m[32m✔[0m[32m✔[0m[32m✔[0m[32m✔[0m[32m✔[0m[32m✔[0m[32m✔[0m[32m✔[0m[32m✔[0m[32m✔[0m[32m✔[0m[32m✔[0m[32m✔[0m[32m✔[0m[32m✔[0m[32m✔[0m[32m✔[0m[32m✔[0m[32m✔[0m[32m✔[0m[32m✔[0m[32m✔[0m[32m✔[0m[32m✔[0m[32m✔[0m[32m✔[0m[32m✔[0m[32m✔[0m[32m✔[0m[32m✔[0m[32m✔[0m[32m✔[0m[32m✔[0m[32m✔[0m[32m✔[0m[32m✔[0m[32m✔[0m[32m✔[0m[32m✔[0m[32m✔[0m[32m✔[0m[32m✔[0m[32m✔[0m[32m✔[0m[32m✔[0m[32m✔[0m[32m✔[0m[32m✔[0m[32m✔[0m[32m✔[0m[32m✔[0m[32m✔[0m[32m✔[0m[32m✔[0m[32m✔[0m[32m✔[0m[32m✔[0m[32m✔[0m[32m✔[0m[32m✔[0m[32m✔[0m[32m✔[0m[32m✔[0m[32m✔[0m[32m✔[0m[32m✔[0m[32m✔[0m[32m✔[0m[32m✔[0m[32m✔[0m[32m✔[0m[32m✔[0m[32m✔[0m[32m✔[0m[32m✔[0m[32m✔[0m[32m✔[0m[32m✔[0m[32m✔[0m[32m✔[0m[32m✔[0m[32m✔[0m[32m✔[0m[32m✔[0m[32m✔[0m[32m✔[0m[32m✔[0m[32m✔[0m[32m✔[0m[32m✔[0m[32m✔[0m[32m✔[0m[32m✔[0m[32m✔[0m[32m✔[0m[32m✔[0m[32m✔[0m[32m✔[0m[32m✔[0m[32m✔[0m[32m✔[0m[32m✔[0m[32m✔[0m[32m✔[0m[32m✔[0m[32m✔[0m[32m✔[0m[32m✔[0m[32m✔[0m[32m✔[0m[32m✔[0m[32m✔[0m[32m✔[0m[32m✔[0m[32m✔[0m[32m✔[0m[32m✔[0m[32m✔[0m[32m✔[0m[32m✔[0m[32m✔[0m[32m✔[0m[32m✔[0m[32m✔[0m[32m✔[0m[32m✔[0m[32m✔[0m[32m✔[0m[32m✔[0m[32m✔[0m[32m✔[0m[32m✔[0m[32m✔[0m[32m✔[0m[32m✔[0m[32m✔[0m[32m✔[0m[32m✔[0m[32m✔[0m[32m✔[0m[32m✔[0m[32m✔[0m[32m✔[0m[32m✔[0m[32m✔[0m[32m✔[0m[32m✔[0m[32m✔[0m[32m✔[0m[32m✔[0m[32m✔[0m[32m✔[0m[32m✔[0m[32m✔[0m[32m✔[0m[32m✔[0m[32m✔[0m[32m✔[0m[32m✔[0m
    Properties test [32m✔[0m[32m✔[0m[32m✔[0m[32m✔[0m[32m✔[0m[32m✔[0m[32m✔[0m[32m✔[0m[32m✔[0m[32m✔[0m[32m✔[0m[32m✔[0m
      IPv6 Local address property works [32m✔[0m[32m✔[0m[32m✔[0m[32m✔[0m[32m✔[0m[32m✔[0m[32m✔[0m[32m✔[0m[32m✔[0m[32m✔[0m[32m✔[0m[32m✔[0m[32m✔[0m[32m✔[0m[32m✔[0m[32m✔[0m[32m✔[0m[32m✔[0m[32m✔[0m[32m✔[0m[32m✔[0m[32m✔[0m
      IPv6 Remote address property works [32m✔[0m[32m✔[0m[32m✔[0m[32m✔[0m[32m✔[0m[32m✔[0m[32m✔[0m[32m✔[0m[32m✔[0m[32m✔[0m[32m✔[0m[32m✔[0m[32m✔[0m[32m✔[0m[32m✔[0m[32m✔[0m[32m✔[0m[32m✔[0m[32m✔[0m[32m✔[0m[32m✔[0m[32m✔[0m
      Malformed TCPv6 addresses do not panic [32m✔[0m[32m✔[0m[32m✔[0m[32m✔[0m[32m✔[0m[32m✔[0m[32m✔[0m[32m✔[0m[32m✔[0m[32m✔[0m[32m✔[0m[32m✔[0m[32m✔[0m[32m✔[0m[32m✔[0m[32m✔[0m[32m✔[0m[32m✔[0m[32m✔[0m[32m✔[0m[32m✔[0m[32m✔[0m[32m✔[0m[32m✔[0m[32m✔[0m


[32m354 assertions thus far[0m

--- PASS: TCP (IPv6) Transport (1.64s)
PASS
ok      /Users/atman/code/pylon/nng/tests/tcp6                 1.646s
<end of output>
Test time =   1.65 sec
----------------------------------------------------------
Test Passed.
"tcp6" end time: May 06 21:37 PDT
"tcp6" time elapsed: 00:00:01
----------------------------------------------------------

31/65 Testing: transport
31/65 Test: transport
Command: "/Users/atman/code/pylon/nng/tests/transport" "-v" "-p" "TEST_PORT=12680"
Directory: /Users/atman/code/pylon/nng/tests
"transport" start time: May 06 21:37 PDT
Output:
----------------------------------------------------------
=== RUN: Pluggable Transports

  Registering TCP again fails [32m✔[0m[32m✔[0m[32m✔[0m[32m✔[0m
  Registering bad version fails [32m✔[0m[32m✔[0m[32m✔[0m[32m✔[0m
  Registering bad init fails [32m✔[0m[32m✔[0m[32m✔[0m[32m✔[0m
    Finish not called [32m✔[0m[32m✔[0m[32m✔[0m[32m✔[0m[32m✔[0m
  Registering good init passes [32m✔[0m[32m✔[0m[32m✔[0m
    Finish called [32m✔[0m[32m✔[0m[32m✔[0m


[32m23 assertions thus far[0m

--- PASS: Pluggable Transports (0.00s)
PASS
ok      /Users/atman/code/pylon/nng/tests/transport            0.008s
<end of output>
Test time =   0.03 sec
----------------------------------------------------------
Test Passed.
"transport" end time: May 06 21:37 PDT
"transport" time elapsed: 00:00:00
----------------------------------------------------------

32/65 Testing: udp
32/65 Test: udp
Command: "/Users/atman/code/pylon/nng/tests/udp" "-v" "-p" "TEST_PORT=12700"
Directory: /Users/atman/code/pylon/nng/tests
"udp" start time: May 06 21:37 PDT
Output:
----------------------------------------------------------
=== RUN: UDP support

  We can start a pair of UDP ports [32m✔[0m[32m✔[0m
    They can talk to each other [32m✔[0m[32m✔[0m[32m✔[0m[32m✔[0m[32m✔[0m[32m✔[0m[32m✔[0m[32m✔[0m[32m✔[0m[32m✔[0m[32m✔[0m[32m✔[0m[32m✔[0m
    Sending without an address fails [32m✔[0m[32m✔[0m[32m✔[0m[32m✔[0m[32m✔[0m
    Multiple operations work [32m✔[0m[32m✔[0m[32m✔[0m[32m✔[0m[32m✔[0m[32m✔[0m[32m✔[0m[32m✔[0m[32m✔[0m[32m✔[0m[32m✔[0m[32m✔[0m[32m✔[0m[32m✔[0m[32m✔[0m[32m✔[0m[32m✔[0m
    Sending without an address fails [32m✔[0m[32m✔[0m[32m✔[0m[32m✔[0m[32m✔[0m
    Sending to an IPv6 address on IPv4 fails [32m✔[0m[32m✔[0m[32m✔[0m[32m✔[0m[32m✔[0m[32m✔[0m
    Sending to an IPC address fails [32m✔[0m[32m✔[0m[32m✔[0m[32m✔[0m[32m✔[0m[32m✔[0m
  Cannot open using bogus sockaddr [32m✔[0m[32m✔[0m[32m✔[0m
  Duplicate binds fail [32m✔[0m[32m✔[0m


[32m59 assertions thus far[0m

--- PASS: UDP support (0.00s)
PASS
ok      /Users/atman/code/pylon/nng/tests/udp                  0.003s
<end of output>
Test time =   0.02 sec
----------------------------------------------------------
Test Passed.
"udp" end time: May 06 21:37 PDT
"udp" time elapsed: 00:00:00
----------------------------------------------------------

33/65 Testing: url
33/65 Test: url
Command: "/Users/atman/code/pylon/nng/tests/url" "-v" "-p" "TEST_PORT=12720"
Directory: /Users/atman/code/pylon/nng/tests
"url" start time: May 06 21:37 PDT
Output:
----------------------------------------------------------
=== RUN: URLs

  http://www.google.com [32m✔[0m[32m✔[0m[32m✔[0m[32m✔[0m[32m✔[0m[32m✔[0m[32m✔[0m[32m✔[0m[32m✔[0m[32m✔[0m[32m✔[0m
  http://www.google.com:1234 [32m✔[0m[32m✔[0m[32m✔[0m[32m✔[0m[32m✔[0m[32m✔[0m[32m✔[0m[32m✔[0m[32m✔[0m[32m✔[0m[32m✔[0m
  http://www.google.com:1234/somewhere [32m✔[0m[32m✔[0m[32m✔[0m[32m✔[0m[32m✔[0m[32m✔[0m[32m✔[0m[32m✔[0m[32m✔[0m[32m✔[0m[32m✔[0m
  http://garrett@www.google.com:1234/somewhere [32m✔[0m[32m✔[0m[32m✔[0m[32m✔[0m[32m✔[0m[32m✔[0m[32m✔[0m[32m✔[0m[32m✔[0m[32m✔[0m[32m✔[0m
  http://www.google.com/somewhere?result=yes [32m✔[0m[32m✔[0m[32m✔[0m[32m✔[0m[32m✔[0m[32m✔[0m[32m✔[0m[32m✔[0m[32m✔[0m[32m✔[0m[32m✔[0m
  http://www.google.com/somewhere?result=yes#chapter1 [32m✔[0m[32m✔[0m[32m✔[0m[32m✔[0m[32m✔[0m[32m✔[0m[32m✔[0m[32m✔[0m[32m✔[0m[32m✔[0m[32m✔[0m
  http://www.google.com/somewhere#chapter2 [32m✔[0m[32m✔[0m[32m✔[0m[32m✔[0m[32m✔[0m[32m✔[0m[32m✔[0m[32m✔[0m[32m✔[0m[32m✔[0m[32m✔[0m
  http://www.google.com#chapter3 [32m✔[0m[32m✔[0m[32m✔[0m[32m✔[0m[32m✔[0m[32m✔[0m[32m✔[0m[32m✔[0m[32m✔[0m[32m✔[0m[32m✔[0m
  http://www.google.com?color=red [32m✔[0m[32m✔[0m[32m✔[0m[32m✔[0m[32m✔[0m[32m✔[0m[32m✔[0m[32m✔[0m[32m✔[0m[32m✔[0m[32m✔[0m
  http://[::1] [32m✔[0m[32m✔[0m[32m✔[0m[32m✔[0m[32m✔[0m[32m✔[0m[32m✔[0m[32m✔[0m[32m✔[0m[32m✔[0m
  http://[::1]:29 [32m✔[0m[32m✔[0m[32m✔[0m[32m✔[0m[32m✔[0m[32m✔[0m[32m✔[0m[32m✔[0m[32m✔[0m[32m✔[0m
  http://[::1]:29/bottles [32m✔[0m[32m✔[0m[32m✔[0m[32m✔[0m[32m✔[0m[32m✔[0m[32m✔[0m[32m✔[0m[32m✔[0m[32m✔[0m
  tcp://:9876/ [32m✔[0m[32m✔[0m[32m✔[0m[32m✔[0m[32m✔[0m[32m✔[0m[32m✔[0m[32m✔[0m[32m✔[0m[32m✔[0m
  ws:// [32m✔[0m[32m✔[0m[32m✔[0m[32m✔[0m[32m✔[0m[32m✔[0m[32m✔[0m[32m✔[0m[32m✔[0m[32m✔[0m
  ssh://user@host.example.com [32m✔[0m[32m✔[0m[32m✔[0m[32m✔[0m[32m✔[0m[32m✔[0m[32m✔[0m[32m✔[0m[32m✔[0m[32m✔[0m
  Negative www.google.com [32m✔[0m[32m✔[0m
  Negative http:www.google.com [32m✔[0m[32m✔[0m
  Negative http://[::1 [32m✔[0m[32m✔[0m
  Negative http://[::1]bogus [32m✔[0m[32m✔[0m
  Canonicalization works [32m✔[0m[32m✔[0m[32m✔[0m[32m✔[0m[32m✔[0m[32m✔[0m
  Path resolution works [32m✔[0m[32m✔[0m[32m✔[0m[32m✔[0m[32m✔[0m[32m✔[0m
  Query info unmolested [32m✔[0m[32m✔[0m[32m✔[0m[32m✔[0m[32m✔[0m[32m✔[0m[32m✔[0m
  Bad UTF-8 fails [32m✔[0m[32m✔[0m
  Valid UTF-8 works [32m✔[0m[32m✔[0m[32m✔[0m[32m✔[0m[32m✔[0m[32m✔[0m


[32m194 assertions thus far[0m

--- PASS: URLs (0.00s)
PASS
ok      /Users/atman/code/pylon/nng/tests/url                  0.004s
<end of output>
Test time =   0.03 sec
----------------------------------------------------------
Test Passed.
"url" end time: May 06 21:37 PDT
"url" time elapsed: 00:00:00
----------------------------------------------------------

34/65 Testing: ws
34/65 Test: ws
Command: "/Users/atman/code/pylon/nng/tests/ws" "-v" "-p" "TEST_PORT=12740"
Directory: /Users/atman/code/pylon/nng/tests
"ws" start time: May 06 21:37 PDT
Output:
----------------------------------------------------------
=== RUN: WebSocket Transport

  Given transport [32m✔[0m[32m✔[0m[32m✔[0m[32m✔[0m
    Scheme is correct [32m✔[0m[32m✔[0m[32m✔[0m[32m✔[0m[32m✔[0m[32m✔[0m
    Connection refused works [32m✔[0m[32m✔[0m[32m✔[0m[32m✔[0m[32m✔[0m[32m✔[0m[32m✔[0m[32m✔[0m
    Duplicate listen rejected [32m✔[0m[32m✔[0m[32m✔[0m[32m✔[0m[32m✔[0m[32m✔[0m[32m✔[0m[32m✔[0m[32m✔[0m
    Listen and accept [32m✔[0m[32m✔[0m[32m✔[0m[32m✔[0m[32m✔[0m[32m✔[0m[32m✔[0m[32m✔[0m[32m✔[0m
    Send and recv [32m✔[0m[32m✔[0m[32m✔[0m[32m✔[0m[32m✔[0m[32m✔[0m[32m✔[0m[32m✔[0m[32m✔[0m[32m✔[0m[32m✔[0m[32m✔[0m[32m✔[0m[32m✔[0m[32m✔[0m[32m✔[0m[32m✔[0m[32m✔[0m[32m✔[0m[32m✔[0m[32m✔[0m[32m✔[0m[32m✔[0m[32m✔[0m[32m✔[0m[32m✔[0m
    Send and recv large data [32m✔[0m[32m✔[0m[32m✔[0m[32m✔[0m[32m✔[0m[32m✔[0m[32m✔[0m[32m✔[0m[32m✔[0m[32m✔[0m[32m✔[0m[32m✔[0m[32m✔[0m[32m✔[0m[32m✔[0m[32m✔[0m[32m✔[0m[32m✔[0m[32m✔[0m[32m✔[0m[32m✔[0m[32m✔[0m[32m✔[0m
    Send and recv multi [32m✔[0m[32m✔[0m[32m✔[0m[32m✔[0m[32m✔[0m[32m✔[0m[32m✔[0m[32m✔[0m[32m✔[0m[32m✔[0m[32m✔[0m[32m✔[0m[32m✔[0m[32m✔[0m[32m✔[0m[32m✔[0m[32m✔[0m[32m✔[0m[32m✔[0m[32m✔[0m[32m✔[0m[32m✔[0m[32m✔[0m[32m✔[0m[32m✔[0m[32m✔[0m[32m✔[0m[32m✔[0m[32m✔[0m[32m✔[0m[32m✔[0m[32m✔[0m[32m✔[0m[32m✔[0m[32m✔[0m[32m✔[0m[32m✔[0m[32m✔[0m[32m✔[0m[32m✔[0m[32m✔[0m[32m✔[0m[32m✔[0m[32m✔[0m[32m✔[0m[32m✔[0m[32m✔[0m[32m✔[0m[32m✔[0m[32m✔[0m[32m✔[0m[32m✔[0m[32m✔[0m[32m✔[0m[32m✔[0m[32m✔[0m[32m✔[0m[32m✔[0m[32m✔[0m[32m✔[0m[32m✔[0m[32m✔[0m[32m✔[0m[32m✔[0m[32m✔[0m[32m✔[0m[32m✔[0m[32m✔[0m[32m✔[0m[32m✔[0m[32m✔[0m[32m✔[0m[32m✔[0m[32m✔[0m[32m✔[0m[32m✔[0m[32m✔[0m[32m✔[0m[32m✔[0m[32m✔[0m[32m✔[0m[32m✔[0m[32m✔[0m[32m✔[0m[32m✔[0m[32m✔[0m[32m✔[0m[32m✔[0m[32m✔[0m[32m✔[0m[32m✔[0m[32m✔[0m[32m✔[0m[32m✔[0m[32m✔[0m[32m✔[0m[32m✔[0m[32m✔[0m[32m✔[0m[32m✔[0m[32m✔[0m[32m✔[0m[32m✔[0m[32m✔[0m[32m✔[0m[32m✔[0m[32m✔[0m[32m✔[0m[32m✔[0m[32m✔[0m[32m✔[0m[32m✔[0m[32m✔[0m[32m✔[0m[32m✔[0m[32m✔[0m[32m✔[0m[32m✔[0m[32m✔[0m[32m✔[0m[32m✔[0m[32m✔[0m[32m✔[0m[32m✔[0m[32m✔[0m[32m✔[0m[32m✔[0m[32m✔[0m[32m✔[0m[32m✔[0m[32m✔[0m[32m✔[0m[32m✔[0m[32m✔[0m[32m✔[0m[32m✔[0m[32m✔[0m[32m✔[0m[32m✔[0m[32m✔[0m[32m✔[0m[32m✔[0m[32m✔[0m[32m✔[0m[32m✔[0m[32m✔[0m[32m✔[0m[32m✔[0m[32m✔[0m[32m✔[0m[32m✔[0m[32m✔[0m[32m✔[0m[32m✔[0m[32m✔[0m[32m✔[0m[32m✔[0m[32m✔[0m[32m✔[0m[32m✔[0m[32m✔[0m[32m✔[0m[32m✔[0m[32m✔[0m[32m✔[0m[32m✔[0m[32m✔[0m[32m✔[0m[32m✔[0m[32m✔[0m[32m✔[0m[32m✔[0m[32m✔[0m[32m✔[0m[32m✔[0m[32m✔[0m[32m✔[0m[32m✔[0m[32m✔[0m[32m✔[0m[32m✔[0m[32m✔[0m[32m✔[0m[32m✔[0m[32m✔[0m[32m✔[0m[32m✔[0m[32m✔[0m
    Properties test [32m✔[0m[32m✔[0m[32m✔[0m[32m✔[0m[32m✔[0m[32m✔[0m[32m✔[0m[32m✔[0m[32m✔[0m[32m✔[0m[32m✔[0m[32m✔[0m[32m✔[0m[32m✔[0m[32m✔[0m[32m✔[0m[32m✔[0m[32m✔[0m[32m✔[0m[32m✔[0m[32m✔[0m[32m✔[0m[32m✔[0m[32m✔[0m[32m✔[0m[32m✔[0m[32m✔[0m[32m✔[0m[32m✔[0m[32m✔[0m[32m✔[0m[32m✔[0m[32m✔[0m[32m✔[0m[32m✔[0m[32m✔[0m[32m✔[0m[32m✔[0m[32m✔[0m[32m✔[0m[32m✔[0m[32m✔[0m[32m✔[0m[32m✔[0m
  Empty hostname works [32m✔[0m[32m✔[0m[32m✔[0m[32m✔[0m
  Incorrect URL paths do not work [32m✔[0m[32m✔[0m[32m✔[0m[32m✔[0m


[32m325 assertions thus far[0m

--- PASS: WebSocket Transport (1.15s)
PASS
ok      /Users/atman/code/pylon/nng/tests/ws                   1.158s
<end of output>
Test time =   1.17 sec
----------------------------------------------------------
Test Passed.
"ws" end time: May 06 21:37 PDT
"ws" time elapsed: 00:00:01
----------------------------------------------------------

35/65 Testing: bus
35/65 Test: bus
Command: "/Users/atman/code/pylon/nng/tests/bus" "-v" "-p" "TEST_PORT=12760"
Directory: /Users/atman/code/pylon/nng/tests
"bus" start time: May 06 21:37 PDT
Output:
----------------------------------------------------------
=== RUN: BUS pattern

  We can create a BUS socket [32m✔[0m
  We can create a linked BUS topology [32m✔[0m[32m✔[0m[32m✔[0m[32m✔[0m[32m✔[0m[32m✔[0m[32m✔[0m[32m✔[0m[32m✔[0m
    Messages delivered [32m✔[0m[32m✔[0m[32m✔[0m[32m✔[0m[32m✔[0m[32m✔[0m[32m✔[0m[32m✔[0m[32m✔[0m[32m✔[0m[32m✔[0m[32m✔[0m[32m✔[0m[32m✔[0m[32m✔[0m[32m✔[0m[32m✔[0m[32m✔[0m[32m✔[0m[32m✔[0m[32m✔[0m[32m✔[0m[32m✔[0m[32m✔[0m[32m✔[0m[32m✔[0m


[32m36 assertions thus far[0m

--- PASS: BUS pattern (0.21s)
PASS
ok      /Users/atman/code/pylon/nng/tests/bus                  0.216s
<end of output>
Test time =   0.22 sec
----------------------------------------------------------
Test Passed.
"bus" end time: May 06 21:37 PDT
"bus" time elapsed: 00:00:00
----------------------------------------------------------

36/65 Testing: pipeline
36/65 Test: pipeline
Command: "/Users/atman/code/pylon/nng/tests/pipeline" "-v" "-p" "TEST_PORT=12780"
Directory: /Users/atman/code/pylon/nng/tests
"pipeline" start time: May 06 21:37 PDT
Output:
----------------------------------------------------------
=== RUN: PIPELINE (PUSH/PULL) pattern

  We can create a PUSH socket [32m✔[0m
    Recv fails [32m✔[0m[32m✔[0m
  We can create a PULL socket [32m✔[0m
    Send fails [32m✔[0m[32m✔[0m[32m✔[0m
  We can create a linked PUSH/PULL pair [32m✔[0m[32m✔[0m[32m✔[0m[32m✔[0m[32m✔[0m[32m✔[0m[32m✔[0m
    Push can send messages, and pull can recv [32m✔[0m[32m✔[0m[32m✔[0m[32m✔[0m[32m✔[0m[32m✔[0m[32m✔[0m[32m✔[0m[32m✔[0m[32m✔[0m[32m✔[0m[32m✔[0m[32m✔[0m
  Load balancing [32m✔[0m[32m✔[0m[32m✔[0m[32m✔[0m[32m✔[0m[32m✔[0m[32m✔[0m[32m✔[0m[32m✔[0m[32m✔[0m[32m✔[0m[32m✔[0m[32m✔[0m[32m✔[0m[32m✔[0m[32m✔[0m[32m✔[0m[32m✔[0m[32m✔[0m[32m✔[0m[32m✔[0m[32m✔[0m[32m✔[0m[32m✔[0m[32m✔[0m[32m✔[0m[32m✔[0m[32m✔[0m[32m✔[0m[32m✔[0m[32m✔[0m[32m✔[0m


[32m59 assertions thus far[0m

--- PASS: PIPELINE (PUSH/PULL) pattern (0.36s)
PASS
ok      /Users/atman/code/pylon/nng/tests/pipeline             0.361s
<end of output>
Test time =   0.37 sec
----------------------------------------------------------
Test Passed.
"pipeline" end time: May 06 21:37 PDT
"pipeline" time elapsed: 00:00:00
[...]

--- PASS: Req/Rep Stress (0.00s)
PASS
ok      /Users/atman/code/pylon/nng/tests/reqstress           30.112s
<end of output>
Test time =  30.12 sec
----------------------------------------------------------
Test Passed.
"reqstress" end time: May 06 21:37 PDT
"reqstress" time elapsed: 00:00:30
----------------------------------------------------------

43/65 Testing: respondpoll
43/65 Test: respondpoll
Command: "/Users/atman/code/pylon/nng/tests/respondpoll" "-v" "-p" "TEST_PORT=12920"
Directory: /Users/atman/code/pylon/nng/tests
"respondpoll" start time: May 06 21:37 PDT
Output:
----------------------------------------------------------
=== RUN: Respondent pollable

  Given a connected survey pair [32m✔[0m[32m✔[0m[32m✔[0m[32m✔[0m[32m✔[0m[32m✔[0m[32m✔[0m[32m✔[0m
    Respondent ctx not pollable [32m✔[0m[32m✔[0m[32m✔[0m[32m✔[0m[32m✔[0m[32m✔[0m[32m✔[0m[32m✔[0m[32m✔[0m[32m✔[0m
    Respondent starts not writable [32m✔[0m[32m✔[0m
      And remains unwritable on connect [32m✔[0m[32m✔[0m
        Becomes writable after recv [32m✔[0m[32m✔[0m[32m✔[0m[32m✔[0m[32m✔[0m[32m✔[0m[32m✔[0m[32m✔[0m[32m✔[0m[32m✔[0m[32m✔[0m[32m✔[0m[32m✔[0m[32m✔[0m[32m✔[0m[32m✔[0m[32m✔[0m[32m✔[0m[32m✔[0m[32m✔[0m[32m✔[0m[32m✔[0m[32m✔[0m[32m✔[0m[32m✔[0m[32m✔[0m[32m✔[0m[32m✔[0m[32m✔[0m[32m✔[0m[32m✔[0m[32m✔[0m[32m✔[0m[32m✔[0m
    Respondent starts not readable [32m✔[0m[32m✔[0m
      And doesn't become readable on connect [32m✔[0m[32m✔[0m[32m✔[0m[32m✔[0m[32m✔[0m[32m✔[0m[32m✔[0m[32m✔[0m[32m✔[0m[32m✔[0m[32m✔[0m[32m✔[0m
      And becomes readable on data [32m✔[0m[32m✔[0m[32m✔[0m[32m✔[0m[32m✔[0m[32m✔[0m
        Is no longer readable after recv [32m✔[0m[32m✔[0m[32m✔[0m[32m✔[0m[32m✔[0m[32m✔[0m[32m✔[0m[32m✔[0m[32m✔[0m[32m✔[0m[32m✔[0m[32m✔[0m[32m✔[0m[32m✔[0m[32m✔[0m[32m✔[0m[32m✔[0m[32m✔[0m[32m✔[0m[32m✔[0m[32m✔[0m[32m✔[0m[32m✔[0m[32m✔[0m[32m✔[0m[32m✔[0m[32m✔[0m[32m✔[0m[32m✔[0m[32m✔[0m[32m✔[0m[32m✔[0m[32m✔[0m[32m✔[0m[32m✔[0m[32m✔[0m


[32m112 assertions thus far[0m

--- PASS: Respondent pollable (1.32s)
PASS
ok      /Users/atman/code/pylon/nng/tests/respondpoll          1.325s
<end of output>
Test time =   1.35 sec
----------------------------------------------------------
Test Passed.
"respondpoll" end time: May 06 21:37 PDT
"respondpoll" time elapsed: 00:00:01
----------------------------------------------------------

44/65 Testing: survey
44/65 Test: survey
Command: "/Users/atman/code/pylon/nng/tests/survey" "-v" "-p" "TEST_PORT=12940"
Directory: /Users/atman/code/pylon/nng/tests
"survey" start time: May 06 21:37 PDT
Output:
----------------------------------------------------------
=== RUN: SURVEY pattern

  We can create a SURVEYOR socket [32m✔[0m
    Recv with no survey fails [32m✔[0m[32m✔[0m
    Survey without responder times out [32m✔[0m[32m✔[0m[32m✔[0m[32m✔[0m[32m✔[0m
  We can create a RESPONDENT socket [32m✔[0m
    Send fails with no survey [32m✔[0m[32m✔[0m[32m✔[0m
  We can create a linked survey pair [32m✔[0m[32m✔[0m[32m✔[0m[32m✔[0m[32m✔[0m[32m✔[0m[32m✔[0m
    Survey works [32m✔[0m[32m✔[0m[32m✔[0m[32m✔[0m[32m✔[0m[32m✔[0m[32m✔[0m[32m✔[0m[32m✔[0m[32m✔[0m
      And goes to non-survey state [32m✔[0m[32m✔[0m[32m✔[0m[32m✔[0m[32m✔[0m[32m✔[0m[32m✔[0m[32m✔[0m[32m✔[0m[32m✔[0m[32m✔[0m[32m✔[0m[32m✔[0m[32m✔[0m[32m✔[0m[32m✔[0m[32m✔[0m[32m✔[0m[32m✔[0m[32m✔[0m[32m✔[0m[32m✔[0m[32m✔[0m[32m✔[0m[32m✔[0m[32m✔[0m
    Second send cancels pending recv [32m✔[0m[32m✔[0m[32m✔[0m[32m✔[0m[32m✔[0m[32m✔[0m[32m✔[0m[32m✔[0m[32m✔[0m[32m✔[0m[32m✔[0m[32m✔[0m[32m✔[0m
    Sending a NULL message does not panic [32m✔[0m[32m✔[0m[32m✔[0m[32m✔[0m[32m✔[0m[32m✔[0m[32m✔[0m[32m✔[0m[32m✔[0m[32m✔[0m
    Disconnecting before getting response [32m✔[0m[32m✔[0m[32m✔[0m[32m✔[0m[32m✔[0m[32m✔[0m[32m✔[0m[32m✔[0m[32m✔[0m[32m✔[0m[32m✔[0m
  Bad backtrace survey is ignored [32m✔[0m[32m✔[0m[32m✔[0m[32m✔[0m[32m✔[0m[32m✔[0m[32m✔[0m[32m✔[0m[32m✔[0m
  Bad backtrace survey is ignored (raw) [32m✔[0m[32m✔[0m[32m✔[0m[32m✔[0m[32m✔[0m[32m✔[0m[32m✔[0m[32m✔[0m[32m✔[0m
  Missing backtrace survey is ignored [32m✔[0m[32m✔[0m[32m✔[0m[32m✔[0m[32m✔[0m[32m✔[0m[32m✔[0m[32m✔[0m
  Missing backtrace survey is ignored (raw) [32m✔[0m[32m✔[0m[32m✔[0m[32m✔[0m[32m✔[0m[32m✔[0m[32m✔[0m[32m✔[0m
  Bad backtrace response is ignored [32m✔[0m[32m✔[0m[32m✔[0m[32m✔[0m[32m✔[0m[32m✔[0m[32m✔[0m[32m✔[0m[32m✔[0m[32m✔[0m[32m✔[0m
  Bad backtrace response is ignored (raw) [32m✔[0m[32m✔[0m[32m✔[0m[32m✔[0m[32m✔[0m[32m✔[0m[32m✔[0m[32m✔[0m[32m✔[0m[32m✔[0m[32m✔[0m[32m✔[0m
  Missing backtrace response is ignored [32m✔[0m[32m✔[0m[32m✔[0m[32m✔[0m[32m✔[0m[32m✔[0m[32m✔[0m[32m✔[0m[32m✔[0m[32m✔[0m[32m✔[0m
  Missing backtrace response is ignored (raw) [32m✔[0m[32m✔[0m[32m✔[0m[32m✔[0m[32m✔[0m[32m✔[0m[32m✔[0m[32m✔[0m[32m✔[0m[32m✔[0m[32m✔[0m[32m✔[0m


[32m169 assertions thus far[0m

--- PASS: SURVEY pattern (2.71s)
PASS
ok      /Users/atman/code/pylon/nng/tests/survey               2.711s
<end of output>
Test time =   2.72 sec
----------------------------------------------------------
Test Passed.
"survey" end time: May 06 21:37 PDT
"survey" time elapsed: 00:00:02
----------------------------------------------------------

45/65 Testing: surveyctx
45/65 Test: surveyctx
Command: "/Users/atman/code/pylon/nng/tests/surveyctx" "-v" "-p" "TEST_PORT=12960"
Directory: /Users/atman/code/pylon/nng/tests
"surveyctx" start time: May 06 21:37 PDT
Output:
----------------------------------------------------------
=== RUN: Surveyor concurrent contexts

  We can use Surveyor contexts concurrently [32m✔[0m[32m✔[0m[32m✔[0m[32m✔[0m[32m✔[0m[32m✔[0m[32m✔[0m[32m✔[0m[32m✔[0m[32m✔[0m[32m✔[0m[32m✔[0m[32m✔[0m[32m✔[0m
  Given a socket and a context [32m✔[0m[32m✔[0m[32m✔[0m
    Recv on the context is ESTATE [32m✔[0m[32m✔[0m[32m✔[0m[32m✔[0m
    Closing the socket aborts a context recv [32m✔[0m[32m✔[0m[32m✔[0m[32m✔[0m[32m✔[0m[32m✔[0m
    Sending a null message fails [32m✔[0m[32m✔[0m[32m✔[0m[32m✔[0m
    Closing the context aborts a context send [32m✔[0m[32m✔[0m[32m✔[0m[32m✔[0m[32m✔[0m[32m✔[0m
    We can set separate survey times [32m✔[0m[32m✔[0m[32m✔[0m[32m✔[0m[32m✔[0m[32m✔[0m[32m✔[0m[32m✔[0m[32m✔[0m
  Raw mode does not support contexts [32m✔[0m[32m✔[0m


[32m48 assertions thus far[0m

--- PASS: Surveyor concurrent contexts (0.10s)
PASS
ok      /Users/atman/code/pylon/nng/tests/surveyctx            0.105s
<end of output>
Test time =   0.12 sec
----------------------------------------------------------
Test Passed.
"surveyctx" end time: May 06 21:37 PDT
"surveyctx" time elapsed: 00:00:00
----------------------------------------------------------

46/65 Testing: surveypoll
46/65 Test: surveypoll
Command: "/Users/atman/code/pylon/nng/tests/surveypoll" "-v" "-p" "TEST_PORT=12980"
Directory: /Users/atman/code/pylon/nng/tests
"surveypoll" start time: May 06 21:37 PDT
Output:
----------------------------------------------------------
=== RUN: Survey pollable

  Given a connected survey pair [32m✔[0m[32m✔[0m[32m✔[0m[32m✔[0m[32m✔[0m[32m✔[0m[32m✔[0m[32m✔[0m
    Surveyor ctx not pollable [32m✔[0m[32m✔[0m[32m✔[0m[32m✔[0m[32m✔[0m[32m✔[0m[32m✔[0m[32m✔[0m[32m✔[0m[32m✔[0m
    Suveyor starts writable [32m✔[0m[32m✔[0m
      And becomes readable on connect [32m✔[0m[32m✔[0m
        And stays writable [32m✔[0m[32m✔[0m[32m✔[0m[32m✔[0m[32m✔[0m[32m✔[0m[32m✔[0m[32m✔[0m[32m✔[0m[32m✔[0m[32m✔[0m[32m✔[0m[32m✔[0m[32m✔[0m[32m✔[0m[32m✔[0m[32m✔[0m[32m✔[0m[32m✔[0m[32m✔[0m[32m✔[0m[32m✔[0m[32m✔[0m[32m✔[0m[32m✔[0m[32m✔[0m[32m✔[0m[32m✔[0m[32m✔[0m[32m✔[0m[32m✔[0m[32m✔[0m
    Surveyor starts not readable [32m✔[0m[32m✔[0m
      And doesn't become readable on connect [32m✔[0m[32m✔[0m[32m✔[0m[32m✔[0m[32m✔[0m[32m✔[0m[32m✔[0m[32m✔[0m[32m✔[0m[32m✔[0m[32m✔[0m[32m✔[0m
      And becomes readable on data [32m✔[0m[32m✔[0m[32m✔[0m[32m✔[0m[32m✔[0m[32m✔[0m[32m✔[0m[32m✔[0m
        Is no longer readable after recv [32m✔[0m[32m✔[0m[32m✔[0m[32m✔[0m[32m✔[0m[32m✔[0m[32m✔[0m[32m✔[0m[32m✔[0m[32m✔[0m[32m✔[0m[32m✔[0m[32m✔[0m[32m✔[0m[32m✔[0m[32m✔[0m[32m✔[0m[32m✔[0m[32m✔[0m[32m✔[0m[32m✔[0m[32m✔[0m[32m✔[0m[32m✔[0m[32m✔[0m[32m✔[0m[32m✔[0m[32m✔[0m[32m✔[0m[32m✔[0m[32m✔[0m[32m✔[0m[32m✔[0m[32m✔[0m[32m✔[0m[32m✔[0m[32m✔[0m[32m✔[0m


[32m114 assertions thus far[0m

--- PASS: Survey pollable (1.33s)
PASS
ok      /Users/atman/code/pylon/nng/tests/surveypoll           1.333s
<end of output>
Test time =   1.34 sec
----------------------------------------------------------
Test Passed.
"surveypoll" end time: May 06 21:37 PDT
"surveypoll" time elapsed: 00:00:01
----------------------------------------------------------

47/65 Testing: compat_block
47/65 Test: compat_block
Command: "/Users/atman/code/pylon/nng/tests/compat_block" "13000"
Directory: /Users/atman/code/pylon/nng/tests
"compat_block" start time: May 06 21:37 PDT
Output:
----------------------------------------------------------
<end of output>
Test time =   0.22 sec
----------------------------------------------------------
Test Passed.
"compat_block" end time: May 06 21:37 PDT
"compat_block" time elapsed: 00:00:00
----------------------------------------------------------

48/65 Testing: compat_bug777
48/65 Test: compat_bug777
Command: "/Users/atman/code/pylon/nng/tests/compat_bug777" "13010"
Directory: /Users/atman/code/pylon/nng/tests
"compat_bug777" start time: May 06 21:37 PDT
Output:
----------------------------------------------------------
<end of output>
Test time =   0.11 sec
----------------------------------------------------------
Test Passed.
"compat_bug777" end time: May 06 21:37 PDT
"compat_bug777" time elapsed: 00:00:00
----------------------------------------------------------

49/65 Testing: compat_bus
49/65 Test: compat_bus
Command: "/Users/atman/code/pylon/nng/tests/compat_bus" "13020"
Directory: /Users/atman/code/pylon/nng/tests
"compat_bus" start time: May 06 21:37 PDT
Output:
----------------------------------------------------------
<end of output>
Test time =   0.23 sec
----------------------------------------------------------
Test Passed.
"compat_bus" end time: May 06 21:37 PDT
"compat_bus" time elapsed: 00:00:00
----------------------------------------------------------

50/65 Testing: compat_cmsg
50/65 Test: compat_cmsg
Command: "/Users/atman/code/pylon/nng/tests/compat_cmsg" "13030"
Directory: /Users/atman/code/pylon/nng/tests
"compat_cmsg" start time: May 06 21:37 PDT
Output:
----------------------------------------------------------
<end of output>
Test time =   0.01 sec
----------------------------------------------------------
Test Passed.
"compat_cmsg" end time: May 06 21:37 PDT
"compat_cmsg" time elapsed: 00:00:00
----------------------------------------------------------

51/65 Testing: compat_msg
51/65 Test: compat_msg
Command: "/Users/atman/code/pylon/nng/tests/compat_msg" "13040"
Directory: /Users/atman/code/pylon/nng/tests
"compat_msg" start time: May 06 21:37 PDT
Output:
----------------------------------------------------------
<end of output>
Test time =   0.03 sec
----------------------------------------------------------
Test Passed.
"compat_msg" end time: May 06 21:37 PDT
"compat_msg" time elapsed: 00:00:00
----------------------------------------------------------

52/65 Testing: compat_iovec
52/65 Test: compat_iovec
Command: "/Users/atman/code/pylon/nng/tests/compat_iovec" "13050"
Directory: /Users/atman/code/pylon/nng/tests
"compat_iovec" start time: May 06 21:37 PDT
Output:
----------------------------------------------------------
<end of output>
Test time =   0.01 sec
----------------------------------------------------------
Test Passed.
"compat_iovec" end time: May 06 21:37 PDT
"compat_iovec" time elapsed: 00:00:00
----------------------------------------------------------

53/65 Testing: compat_device
53/65 Test: compat_device
Command: "/Users/atman/code/pylon/nng/tests/compat_device" "13060"
Directory: /Users/atman/code/pylon/nng/tests
"compat_device" start time: May 06 21:37 PDT
Output:
----------------------------------------------------------
<end of output>
Test time =   0.62 sec
----------------------------------------------------------
Test Passed.
"compat_device" end time: May 06 21:37 PDT
"compat_device" time elapsed: 00:00:00
----------------------------------------------------------

54/65 Testing: compat_pair
54/65 Test: compat_pair
Command: "/Users/atman/code/pylon/nng/tests/compat_pair" "13070"
Directory: /Users/atman/code/pylon/nng/tests
"compat_pair" start time: May 06 21:37 PDT
Output:
----------------------------------------------------------
<end of output>
Test time =   0.01 sec
----------------------------------------------------------
Test Passed.
"compat_pair" end time: May 06 21:37 PDT
"compat_pair" time elapsed: 00:00:00
----------------------------------------------------------

55/65 Testing: compat_pipeline
55/65 Test: compat_pipeline
Command: "/Users/atman/code/pylon/nng/tests/compat_pipeline" "13080"
Directory: /Users/atman/code/pylon/nng/tests
"compat_pipeline" start time: May 06 21:37 PDT
Output:
----------------------------------------------------------
<end of output>
Test time =   0.08 sec
----------------------------------------------------------
Test Passed.
"compat_pipeline" end time: May 06 21:37 PDT
"compat_pipeline" time elapsed: 00:00:00
----------------------------------------------------------

56/65 Testing: compat_reqrep
56/65 Test: compat_reqrep
Command: "/Users/atman/code/pylon/nng/tests/compat_reqrep" "13090"
Directory: /Users/atman/code/pylon/nng/tests
"compat_reqrep" start time: May 06 21:37 PDT
Output:
----------------------------------------------------------
<end of output>
Test time =   1.01 sec
----------------------------------------------------------
Test Passed.
"compat_reqrep" end time: May 06 21:37 PDT
"compat_reqrep" time elapsed: 00:00:01
----------------------------------------------------------

57/65 Testing: compat_survey
57/65 Test: compat_survey
Command: "/Users/atman/code/pylon/nng/tests/compat_survey" "13100"
Directory: /Users/atman/code/pylon/nng/tests
"compat_survey" start time: May 06 21:37 PDT
Output:
----------------------------------------------------------
<end of output>
Test time =   3.03 sec
----------------------------------------------------------
Test Passed.
"compat_survey" end time: May 06 21:37 PDT
"compat_survey" time elapsed: 00:00:03
----------------------------------------------------------

58/65 Testing: compat_reqttl
58/65 Test: compat_reqttl
Command: "/Users/atman/code/pylon/nng/tests/compat_reqttl" "13110"
Directory: /Users/atman/code/pylon/nng/tests
"compat_reqttl" start time: May 06 21:37 PDT
Output:
----------------------------------------------------------
<end of output>
Test time =   0.21 sec
----------------------------------------------------------
Test Passed.
"compat_reqttl" end time: May 06 21:37 PDT
"compat_reqttl" time elapsed: 00:00:00
----------------------------------------------------------

59/65 Testing: compat_shutdown
59/65 Test: compat_shutdown
Command: "/Users/atman/code/pylon/nng/tests/compat_shutdown" "13120"
Directory: /Users/atman/code/pylon/nng/tests
"compat_shutdown" start time: May 06 21:37 PDT
Output:
----------------------------------------------------------
<end of output>
Test time =   0.01 sec
----------------------------------------------------------
Test Passed.
"compat_shutdown" end time: May 06 21:37 PDT
"compat_shutdown" time elapsed: 00:00:00
----------------------------------------------------------

60/65 Testing: compat_surveyttl
60/65 Test: compat_surveyttl
Command: "/Users/atman/code/pylon/nng/tests/compat_surveyttl" "13130"
Directory: /Users/atman/code/pylon/nng/tests
"compat_surveyttl" start time: May 06 21:37 PDT
Output:
----------------------------------------------------------
<end of output>
Test time =   0.22 sec
----------------------------------------------------------
Test Passed.
"compat_surveyttl" end time: May 06 21:37 PDT
"compat_surveyttl" time elapsed: 00:00:00
----------------------------------------------------------

61/65 Testing: compat_poll
61/65 Test: compat_poll
Command: "/Users/atman/code/pylon/nng/tests/compat_poll" "13140"
Directory: /Users/atman/code/pylon/nng/tests
"compat_poll" start time: May 06 21:37 PDT
Output:
----------------------------------------------------------
<end of output>
Test time =   0.36 sec
----------------------------------------------------------
Test Passed.
"compat_poll" end time: May 06 21:37 PDT
"compat_poll" time elapsed: 00:00:00
----------------------------------------------------------

62/65 Testing: compat_options
62/65 Test: compat_options
Command: "/Users/atman/code/pylon/nng/tests/compat_options" "-v" "-p" "TEST_PORT=13150"
Directory: /Users/atman/code/pylon/nng/tests
"compat_options" start time: May 06 21:37 PDT
Output:
----------------------------------------------------------
=== RUN: Compatible Options

  Given a compat NN_REP socket [32m✔[0m
    NN_DOMAIN works [32m✔[0m[32m✔[0m[32m✔[0m[32m✔[0m[32m✔[0m[32m✔[0m
    NN_LINGER has no effect [32m✔[0m[32m✔[0m[32m✔[0m[32m✔[0m[32m✔[0m


[32m12 assertions thus far[0m

--- PASS: Compatible Options (0.00s)
PASS
ok      /Users/atman/code/pylon/nng/tests/compat_options       0.000s
<end of output>
Test time =   0.01 sec
----------------------------------------------------------
Test Passed.
"compat_options" end time: May 06 21:37 PDT
"compat_options" time elapsed: 00:00:00
----------------------------------------------------------

63/65 Testing: cplusplus_pair
63/65 Test: cplusplus_pair
Command: "/Users/atman/code/pylon/nng/tests/cplusplus_pair" "13170"
Directory: /Users/atman/code/pylon/nng/tests
"cplusplus_pair" start time: May 06 21:37 PDT
Output:
----------------------------------------------------------
Pass.
<end of output>
Test time =   0.01 sec
----------------------------------------------------------
Test Passed.
"cplusplus_pair" end time: May 06 21:37 PDT
"cplusplus_pair" time elapsed: 00:00:00
----------------------------------------------------------

64/65 Testing: inproc_lat
64/65 Test: inproc_lat
Command: "/Users/atman/code/pylon/nng/perf/inproc_lat" "64" "10000"
Directory: /Users/atman/code/pylon/nng/perf
"inproc_lat" start time: May 06 21:37 PDT
Output:
----------------------------------------------------------
total time: 1.669 [s]
message size: 64 [B]
round trip count: 10000
average latency: 83.450 [us]
<end of output>
Test time =   1.88 sec
----------------------------------------------------------
Test Passed.
"inproc_lat" end time: May 06 21:37 PDT
"inproc_lat" time elapsed: 00:00:01
----------------------------------------------------------

65/65 Testing: inproc_thr
65/65 Test: inproc_thr
Command: "/Users/atman/code/pylon/nng/perf/inproc_thr" "1400" "10000"
Directory: /Users/atman/code/pylon/nng/perf
"inproc_thr" start time: May 06 21:37 PDT
Output:
----------------------------------------------------------
total time: 1.534 [s]
message size: 1400 [B]
message count: 10000
throughput: 6519 [msg/s]
throughput: 69.629 [Mb/s]
<end of output>
Test time =   1.74 sec
----------------------------------------------------------
Test Passed.
"inproc_thr" end time: May 06 21:37 PDT
"inproc_thr" time elapsed: 00:00:01
----------------------------------------------------------

End testing: May 06 21:37 PDT
